2018-11-14 14:02:52 - Refreshing org.springframework.web.context.support.GenericWebApplicationContext@239d9cb7: startup date [Wed Nov 14 14:02:52 EST 2018]; root of context hierarchy
2018-11-14 14:02:58 - Looking for @ControllerAdvice: org.springframework.web.context.support.GenericWebApplicationContext@239d9cb7: startup date [Wed Nov 14 14:02:52 EST 2018]; root of context hierarchy
2018-11-14 14:02:58 - Mapped "{[/folderUpload],methods=[POST]}" onto public org.springframework.http.HttpStatus edu.northeastern.cs5500.team111.plagiarismdetector.controllers.FileController.uploadFiles(org.springframework.web.multipart.MultipartFile[],java.lang.Long)
2018-11-14 14:02:58 - Mapped "{[/{userId}/getFiles],methods=[GET]}" onto public java.util.List<edu.northeastern.cs5500.team111.plagiarismdetector.domain.PythonFile> edu.northeastern.cs5500.team111.plagiarismdetector.controllers.FileController.getAllFilesForUser(java.lang.String)
2018-11-14 14:02:58 - Mapped "{[/{userId}/getFolders],methods=[GET]}" onto public java.util.List<edu.northeastern.cs5500.team111.plagiarismdetector.domain.RootFolder> edu.northeastern.cs5500.team111.plagiarismdetector.controllers.FileController.getAllFoldersForUser(java.lang.String)
2018-11-14 14:02:58 - Mapped "{[/{rootFolderId}/getFolder],methods=[DELETE]}" onto public org.springframework.http.HttpStatus edu.northeastern.cs5500.team111.plagiarismdetector.controllers.FileController.deleteFolder(java.lang.String)
2018-11-14 14:02:58 - Mapped "{[/{rootFolderId}/{comparisionType}/compare],methods=[GET]}" onto public java.util.List<edu.northeastern.cs5500.team111.plagiarismdetector.domain.Report> edu.northeastern.cs5500.team111.plagiarismdetector.controllers.FileController.compareFiles(java.lang.String,edu.northeastern.cs5500.team111.comparisonstrategies.ComparisonAlgorithm)
2018-11-14 14:02:58 - Mapped "{[/{rootFolderId}/statistics],methods=[GET]}" onto public java.util.List<edu.northeastern.cs5500.team111.plagiarismdetector.domain.Counter> edu.northeastern.cs5500.team111.plagiarismdetector.controllers.FileController.statsFiles(java.lang.Long)
2018-11-14 14:02:58 - Mapped "{[/users/{userId}],methods=[DELETE]}" onto public void edu.northeastern.cs5500.team111.plagiarismdetector.controllers.UserController.deleteUser(java.lang.String)
2018-11-14 14:02:58 - Mapped "{[/register],methods=[POST]}" onto public edu.northeastern.cs5500.team111.plagiarismdetector.domain.User edu.northeastern.cs5500.team111.plagiarismdetector.controllers.UserController.createUser(edu.northeastern.cs5500.team111.plagiarismdetector.domain.User,org.springframework.validation.BindingResult)
2018-11-14 14:02:58 - Mapped "{[/getUsers],methods=[GET]}" onto public java.util.List<edu.northeastern.cs5500.team111.plagiarismdetector.domain.User> edu.northeastern.cs5500.team111.plagiarismdetector.controllers.UserController.getAllUsers()
2018-11-14 14:02:58 - Mapped "{[/login],methods=[POST]}" onto public edu.northeastern.cs5500.team111.plagiarismdetector.domain.User edu.northeastern.cs5500.team111.plagiarismdetector.controllers.UserController.loginUser(edu.northeastern.cs5500.team111.plagiarismdetector.domain.User)
2018-11-14 14:02:58 - Mapped "{[/getUser],methods=[POST]}" onto public edu.northeastern.cs5500.team111.plagiarismdetector.domain.User edu.northeastern.cs5500.team111.plagiarismdetector.controllers.UserController.getUser(edu.northeastern.cs5500.team111.plagiarismdetector.domain.User)
2018-11-14 14:02:58 - Mapped "{[/error]}" onto public org.springframework.http.ResponseEntity<java.util.Map<java.lang.String, java.lang.Object>> org.springframework.boot.autoconfigure.web.BasicErrorController.error(javax.servlet.http.HttpServletRequest)
2018-11-14 14:02:58 - Mapped "{[/error],produces=[text/html]}" onto public org.springframework.web.servlet.ModelAndView org.springframework.boot.autoconfigure.web.BasicErrorController.errorHtml(javax.servlet.http.HttpServletRequest,javax.servlet.http.HttpServletResponse)
2018-11-14 14:02:58 - Mapped URL path [/webjars/**] onto handler of type [class org.springframework.web.servlet.resource.ResourceHttpRequestHandler]
2018-11-14 14:02:58 - Mapped URL path [/**] onto handler of type [class org.springframework.web.servlet.resource.ResourceHttpRequestHandler]
2018-11-14 14:02:58 - Detected @ExceptionHandler methods in repositoryRestExceptionHandler
2018-11-14 14:02:58 - Mapped URL path [/**/favicon.ico] onto handler of type [class org.springframework.web.servlet.resource.ResourceHttpRequestHandler]
2018-11-14 14:03:06 - files to be uploaded are null or List contains no file
2018-11-14 14:03:06 - files to be uploaded are null or List contains no file
2018-11-14 14:03:07 - /Users/amritanshtripathi/Documents/Northeastern/Northeastern-Assignments%20%26%20Projects/Managing%20Software%20Development/Project/PlagiarismDetector/target/classes/algo.properties (No such file or directory)
2018-11-14 14:03:08 - Looking for @ControllerAdvice: org.springframework.test.web.servlet.setup.StubWebApplicationContext@1a05c0c8
2018-11-14 14:03:08 - Looking for @ControllerAdvice: org.springframework.test.web.servlet.setup.StubWebApplicationContext@7fee7761
2018-11-14 14:03:08 - Looking for @ControllerAdvice: org.springframework.test.web.servlet.setup.StubWebApplicationContext@598898f4
2018-11-14 14:03:08 - Looking for @ControllerAdvice: org.springframework.test.web.servlet.setup.StubWebApplicationContext@db6c566
2018-11-14 14:03:08 - Looking for @ControllerAdvice: org.springframework.test.web.servlet.setup.StubWebApplicationContext@6c11e677
2018-11-14 14:03:08 - Looking for @ControllerAdvice: org.springframework.test.web.servlet.setup.StubWebApplicationContext@3d140111
2018-11-14 14:03:09 - Looking for @ControllerAdvice: org.springframework.test.web.servlet.setup.StubWebApplicationContext@45aad7a8
2018-11-14 14:03:09 - /Users/amritanshtripathi/Documents/Northeastern/Northeastern-Assignments%20%26%20Projects/Managing%20Software%20Development/Project/PlagiarismDetector/target/classes/algo.properties (No such file or directory)
2018-11-14 14:03:09 - /Users/amritanshtripathi/Documents/Northeastern/Northeastern-Assignments%20%26%20Projects/Managing%20Software%20Development/Project/PlagiarismDetector/target/classes/algo.properties (No such file or directory)
2018-11-14 14:03:09 - /Users/amritanshtripathi/Documents/Northeastern/Northeastern-Assignments%20%26%20Projects/Managing%20Software%20Development/Project/PlagiarismDetector/target/classes/algo.properties (No such file or directory)
2018-11-14 14:03:10 - /Users/amritanshtripathi/Documents/Northeastern/Northeastern-Assignments%20%26%20Projects/Managing%20Software%20Development/Project/PlagiarismDetector/target/classes/algo.properties (No such file or directory)
2018-11-14 14:03:10 - /Users/amritanshtripathi/Documents/Northeastern/Northeastern-Assignments%20%26%20Projects/Managing%20Software%20Development/Project/PlagiarismDetector/target/classes/algo.properties (No such file or directory)
2018-11-14 14:03:10 - /Users/amritanshtripathi/Documents/Northeastern/Northeastern-Assignments%20%26%20Projects/Managing%20Software%20Development/Project/PlagiarismDetector/target/classes/algo.properties (No such file or directory)
2018-11-14 14:03:10 - /Users/amritanshtripathi/Documents/Northeastern/Northeastern-Assignments%20%26%20Projects/Managing%20Software%20Development/Project/PlagiarismDetector/target/classes/algo.properties (No such file or directory)
2018-11-14 14:03:10 - /Users/amritanshtripathi/Documents/Northeastern/Northeastern-Assignments%20%26%20Projects/Managing%20Software%20Development/Project/PlagiarismDetector/target/classes/algo.properties (No such file or directory)
2018-11-14 14:03:10 - /Users/amritanshtripathi/Documents/Northeastern/Northeastern-Assignments%20%26%20Projects/Managing%20Software%20Development/Project/PlagiarismDetector/target/classes/algo.properties (No such file or directory)
2018-11-14 14:03:10 - /Users/amritanshtripathi/Documents/Northeastern/Northeastern-Assignments%20%26%20Projects/Managing%20Software%20Development/Project/PlagiarismDetector/target/classes/algo.properties (No such file or directory)
2018-11-14 14:03:10 - /Users/amritanshtripathi/Documents/Northeastern/Northeastern-Assignments%20%26%20Projects/Managing%20Software%20Development/Project/PlagiarismDetector/target/classes/algo.properties (No such file or directory)
2018-11-14 14:03:10 - /Users/amritanshtripathi/Documents/Northeastern/Northeastern-Assignments%20%26%20Projects/Managing%20Software%20Development/Project/PlagiarismDetector/target/classes/algo.properties (No such file or directory)
2018-11-14 14:03:10 - /Users/amritanshtripathi/Documents/Northeastern/Northeastern-Assignments%20%26%20Projects/Managing%20Software%20Development/Project/PlagiarismDetector/target/classes/algo.properties (No such file or directory)
2018-11-14 14:03:10 - /Users/amritanshtripathi/Documents/Northeastern/Northeastern-Assignments%20%26%20Projects/Managing%20Software%20Development/Project/PlagiarismDetector/target/classes/algo.properties (No such file or directory)
2018-11-14 14:03:11 - /Users/amritanshtripathi/Documents/Northeastern/Northeastern-Assignments%20%26%20Projects/Managing%20Software%20Development/Project/PlagiarismDetector/target/classes/algo.properties (No such file or directory)
2018-11-14 14:03:13 - /Users/amritanshtripathi/Documents/Northeastern/Northeastern-Assignments%20%26%20Projects/Managing%20Software%20Development/Project/PlagiarismDetector/target/classes/algo.properties (No such file or directory)
2018-11-14 14:03:13 - Closing org.springframework.web.context.support.GenericWebApplicationContext@239d9cb7: startup date [Wed Nov 14 14:02:52 EST 2018]; root of context hierarchy
2018-11-14 16:29:09 - Refreshing org.springframework.web.context.support.GenericWebApplicationContext@239d9cb7: startup date [Wed Nov 14 16:29:09 EST 2018]; root of context hierarchy
2018-11-14 16:29:14 - Looking for @ControllerAdvice: org.springframework.web.context.support.GenericWebApplicationContext@239d9cb7: startup date [Wed Nov 14 16:29:09 EST 2018]; root of context hierarchy
2018-11-14 16:29:15 - Mapped "{[/folderUpload],methods=[POST]}" onto public org.springframework.http.HttpStatus edu.northeastern.cs5500.team111.plagiarismdetector.controllers.FileController.uploadFiles(org.springframework.web.multipart.MultipartFile[],java.lang.Long)
2018-11-14 16:29:15 - Mapped "{[/{userId}/getFiles],methods=[GET]}" onto public java.util.List<edu.northeastern.cs5500.team111.plagiarismdetector.domain.PythonFile> edu.northeastern.cs5500.team111.plagiarismdetector.controllers.FileController.getAllFilesForUser(java.lang.String)
2018-11-14 16:29:15 - Mapped "{[/{userId}/getFolders],methods=[GET]}" onto public java.util.List<edu.northeastern.cs5500.team111.plagiarismdetector.domain.RootFolder> edu.northeastern.cs5500.team111.plagiarismdetector.controllers.FileController.getAllFoldersForUser(java.lang.String)
2018-11-14 16:29:15 - Mapped "{[/{rootFolderId}/getFolder],methods=[DELETE]}" onto public org.springframework.http.HttpStatus edu.northeastern.cs5500.team111.plagiarismdetector.controllers.FileController.deleteFolder(java.lang.String)
2018-11-14 16:29:15 - Mapped "{[/{rootFolderId}/{comparisionType}/compare],methods=[GET]}" onto public java.util.List<edu.northeastern.cs5500.team111.plagiarismdetector.domain.Report> edu.northeastern.cs5500.team111.plagiarismdetector.controllers.FileController.compareFiles(java.lang.String,edu.northeastern.cs5500.team111.comparisonstrategies.ComparisonAlgorithm)
2018-11-14 16:29:15 - Mapped "{[/{rootFolderId}/statistics],methods=[GET]}" onto public java.util.List<edu.northeastern.cs5500.team111.plagiarismdetector.domain.Counter> edu.northeastern.cs5500.team111.plagiarismdetector.controllers.FileController.statsFiles(java.lang.Long)
2018-11-14 16:29:15 - Mapped "{[/users/{userId}],methods=[DELETE]}" onto public void edu.northeastern.cs5500.team111.plagiarismdetector.controllers.UserController.deleteUser(java.lang.String)
2018-11-14 16:29:15 - Mapped "{[/register],methods=[POST]}" onto public edu.northeastern.cs5500.team111.plagiarismdetector.domain.User edu.northeastern.cs5500.team111.plagiarismdetector.controllers.UserController.createUser(edu.northeastern.cs5500.team111.plagiarismdetector.domain.User,org.springframework.validation.BindingResult)
2018-11-14 16:29:15 - Mapped "{[/getUsers],methods=[GET]}" onto public java.util.List<edu.northeastern.cs5500.team111.plagiarismdetector.domain.User> edu.northeastern.cs5500.team111.plagiarismdetector.controllers.UserController.getAllUsers()
2018-11-14 16:29:15 - Mapped "{[/login],methods=[POST]}" onto public edu.northeastern.cs5500.team111.plagiarismdetector.domain.User edu.northeastern.cs5500.team111.plagiarismdetector.controllers.UserController.loginUser(edu.northeastern.cs5500.team111.plagiarismdetector.domain.User)
2018-11-14 16:29:15 - Mapped "{[/getUser],methods=[POST]}" onto public edu.northeastern.cs5500.team111.plagiarismdetector.domain.User edu.northeastern.cs5500.team111.plagiarismdetector.controllers.UserController.getUser(edu.northeastern.cs5500.team111.plagiarismdetector.domain.User)
2018-11-14 16:29:15 - Mapped "{[/error]}" onto public org.springframework.http.ResponseEntity<java.util.Map<java.lang.String, java.lang.Object>> org.springframework.boot.autoconfigure.web.BasicErrorController.error(javax.servlet.http.HttpServletRequest)
2018-11-14 16:29:15 - Mapped "{[/error],produces=[text/html]}" onto public org.springframework.web.servlet.ModelAndView org.springframework.boot.autoconfigure.web.BasicErrorController.errorHtml(javax.servlet.http.HttpServletRequest,javax.servlet.http.HttpServletResponse)
2018-11-14 16:29:15 - Mapped URL path [/webjars/**] onto handler of type [class org.springframework.web.servlet.resource.ResourceHttpRequestHandler]
2018-11-14 16:29:15 - Mapped URL path [/**] onto handler of type [class org.springframework.web.servlet.resource.ResourceHttpRequestHandler]
2018-11-14 16:29:15 - Detected @ExceptionHandler methods in repositoryRestExceptionHandler
2018-11-14 16:29:15 - Mapped URL path [/**/favicon.ico] onto handler of type [class org.springframework.web.servlet.resource.ResourceHttpRequestHandler]
2018-11-14 16:29:28 - files to be uploaded are null or List contains no file
2018-11-14 16:29:28 - files to be uploaded are null or List contains no file
2018-11-14 16:29:28 - /Users/amritanshtripathi/Documents/Northeastern/Northeastern-Assignments%20%26%20Projects/Managing%20Software%20Development/Project/PlagiarismDetector/target/classes/algo.properties (No such file or directory)
2018-11-14 16:29:29 - Looking for @ControllerAdvice: org.springframework.test.web.servlet.setup.StubWebApplicationContext@6510d377
2018-11-14 16:29:30 - Looking for @ControllerAdvice: org.springframework.test.web.servlet.setup.StubWebApplicationContext@32364490
2018-11-14 16:29:30 - Looking for @ControllerAdvice: org.springframework.test.web.servlet.setup.StubWebApplicationContext@4b64c426
2018-11-14 16:29:30 - Looking for @ControllerAdvice: org.springframework.test.web.servlet.setup.StubWebApplicationContext@5014cda8
2018-11-14 16:29:30 - Looking for @ControllerAdvice: org.springframework.test.web.servlet.setup.StubWebApplicationContext@69237365
2018-11-14 16:29:30 - Looking for @ControllerAdvice: org.springframework.test.web.servlet.setup.StubWebApplicationContext@4294acd1
2018-11-14 16:29:30 - Looking for @ControllerAdvice: org.springframework.test.web.servlet.setup.StubWebApplicationContext@d50044
2018-11-14 16:29:30 - /Users/amritanshtripathi/Documents/Northeastern/Northeastern-Assignments%20%26%20Projects/Managing%20Software%20Development/Project/PlagiarismDetector/target/classes/algo.properties (No such file or directory)
2018-11-14 16:29:30 - /Users/amritanshtripathi/Documents/Northeastern/Northeastern-Assignments%20%26%20Projects/Managing%20Software%20Development/Project/PlagiarismDetector/target/classes/algo.properties (No such file or directory)
2018-11-14 16:29:31 - /Users/amritanshtripathi/Documents/Northeastern/Northeastern-Assignments%20%26%20Projects/Managing%20Software%20Development/Project/PlagiarismDetector/target/classes/algo.properties (No such file or directory)
2018-11-14 16:29:31 - /Users/amritanshtripathi/Documents/Northeastern/Northeastern-Assignments%20%26%20Projects/Managing%20Software%20Development/Project/PlagiarismDetector/target/classes/algo.properties (No such file or directory)
2018-11-14 16:29:31 - /Users/amritanshtripathi/Documents/Northeastern/Northeastern-Assignments%20%26%20Projects/Managing%20Software%20Development/Project/PlagiarismDetector/target/classes/algo.properties (No such file or directory)
2018-11-14 16:29:31 - /Users/amritanshtripathi/Documents/Northeastern/Northeastern-Assignments%20%26%20Projects/Managing%20Software%20Development/Project/PlagiarismDetector/target/classes/algo.properties (No such file or directory)
2018-11-14 16:29:31 - /Users/amritanshtripathi/Documents/Northeastern/Northeastern-Assignments%20%26%20Projects/Managing%20Software%20Development/Project/PlagiarismDetector/target/classes/algo.properties (No such file or directory)
2018-11-14 16:29:31 - /Users/amritanshtripathi/Documents/Northeastern/Northeastern-Assignments%20%26%20Projects/Managing%20Software%20Development/Project/PlagiarismDetector/target/classes/algo.properties (No such file or directory)
2018-11-14 16:29:31 - /Users/amritanshtripathi/Documents/Northeastern/Northeastern-Assignments%20%26%20Projects/Managing%20Software%20Development/Project/PlagiarismDetector/target/classes/algo.properties (No such file or directory)
2018-11-14 16:29:31 - /Users/amritanshtripathi/Documents/Northeastern/Northeastern-Assignments%20%26%20Projects/Managing%20Software%20Development/Project/PlagiarismDetector/target/classes/algo.properties (No such file or directory)
2018-11-14 16:29:31 - /Users/amritanshtripathi/Documents/Northeastern/Northeastern-Assignments%20%26%20Projects/Managing%20Software%20Development/Project/PlagiarismDetector/target/classes/algo.properties (No such file or directory)
2018-11-14 16:29:31 - /Users/amritanshtripathi/Documents/Northeastern/Northeastern-Assignments%20%26%20Projects/Managing%20Software%20Development/Project/PlagiarismDetector/target/classes/algo.properties (No such file or directory)
2018-11-14 16:29:31 - /Users/amritanshtripathi/Documents/Northeastern/Northeastern-Assignments%20%26%20Projects/Managing%20Software%20Development/Project/PlagiarismDetector/target/classes/algo.properties (No such file or directory)
2018-11-14 16:29:31 - /Users/amritanshtripathi/Documents/Northeastern/Northeastern-Assignments%20%26%20Projects/Managing%20Software%20Development/Project/PlagiarismDetector/target/classes/algo.properties (No such file or directory)
2018-11-14 16:29:31 - /Users/amritanshtripathi/Documents/Northeastern/Northeastern-Assignments%20%26%20Projects/Managing%20Software%20Development/Project/PlagiarismDetector/target/classes/algo.properties (No such file or directory)
2018-11-14 16:29:37 - /Users/amritanshtripathi/Documents/Northeastern/Northeastern-Assignments%20%26%20Projects/Managing%20Software%20Development/Project/PlagiarismDetector/target/classes/algo.properties (No such file or directory)
2018-11-14 16:29:37 - Closing org.springframework.web.context.support.GenericWebApplicationContext@239d9cb7: startup date [Wed Nov 14 16:29:09 EST 2018]; root of context hierarchy
2018-11-14 16:30:32 - Root WebApplicationContext: initialization completed in 1602 ms
2018-11-14 16:30:35 - Looking for @ControllerAdvice: org.springframework.boot.context.embedded.AnnotationConfigEmbeddedWebApplicationContext@5892c68e: startup date [Wed Nov 14 16:30:31 EST 2018]; root of context hierarchy
2018-11-14 16:30:35 - Mapped "{[/{userId}/getFiles],methods=[GET]}" onto public java.util.List<edu.northeastern.cs5500.team111.plagiarismdetector.domain.PythonFile> edu.northeastern.cs5500.team111.plagiarismdetector.controllers.FileController.getAllFilesForUser(java.lang.String)
2018-11-14 16:30:35 - Mapped "{[/{userId}/getFolders],methods=[GET]}" onto public java.util.List<edu.northeastern.cs5500.team111.plagiarismdetector.domain.RootFolder> edu.northeastern.cs5500.team111.plagiarismdetector.controllers.FileController.getAllFoldersForUser(java.lang.String)
2018-11-14 16:30:35 - Mapped "{[/{rootFolderId}/getFolder],methods=[DELETE]}" onto public org.springframework.http.HttpStatus edu.northeastern.cs5500.team111.plagiarismdetector.controllers.FileController.deleteFolder(java.lang.String)
2018-11-14 16:30:35 - Mapped "{[/{rootFolderId}/{comparisionType}/compare],methods=[GET]}" onto public java.util.List<edu.northeastern.cs5500.team111.plagiarismdetector.domain.Report> edu.northeastern.cs5500.team111.plagiarismdetector.controllers.FileController.compareFiles(java.lang.String,edu.northeastern.cs5500.team111.comparisonstrategies.ComparisonAlgorithm)
2018-11-14 16:30:35 - Mapped "{[/{rootFolderId}/statistics],methods=[GET]}" onto public java.util.List<edu.northeastern.cs5500.team111.plagiarismdetector.domain.Counter> edu.northeastern.cs5500.team111.plagiarismdetector.controllers.FileController.statsFiles(java.lang.Long)
2018-11-14 16:30:35 - Mapped "{[/folderUpload],methods=[POST]}" onto public org.springframework.http.HttpStatus edu.northeastern.cs5500.team111.plagiarismdetector.controllers.FileController.uploadFiles(org.springframework.web.multipart.MultipartFile[],java.lang.Long)
2018-11-14 16:30:35 - Mapped "{[/getUser],methods=[POST]}" onto public edu.northeastern.cs5500.team111.plagiarismdetector.domain.User edu.northeastern.cs5500.team111.plagiarismdetector.controllers.UserController.getUser(edu.northeastern.cs5500.team111.plagiarismdetector.domain.User)
2018-11-14 16:30:35 - Mapped "{[/register],methods=[POST]}" onto public edu.northeastern.cs5500.team111.plagiarismdetector.domain.User edu.northeastern.cs5500.team111.plagiarismdetector.controllers.UserController.createUser(edu.northeastern.cs5500.team111.plagiarismdetector.domain.User,org.springframework.validation.BindingResult)
2018-11-14 16:30:35 - Mapped "{[/login],methods=[POST]}" onto public edu.northeastern.cs5500.team111.plagiarismdetector.domain.User edu.northeastern.cs5500.team111.plagiarismdetector.controllers.UserController.loginUser(edu.northeastern.cs5500.team111.plagiarismdetector.domain.User)
2018-11-14 16:30:35 - Mapped "{[/users/{userId}],methods=[DELETE]}" onto public void edu.northeastern.cs5500.team111.plagiarismdetector.controllers.UserController.deleteUser(java.lang.String)
2018-11-14 16:30:35 - Mapped "{[/getUsers],methods=[GET]}" onto public java.util.List<edu.northeastern.cs5500.team111.plagiarismdetector.domain.User> edu.northeastern.cs5500.team111.plagiarismdetector.controllers.UserController.getAllUsers()
2018-11-14 16:30:35 - Mapped "{[/error]}" onto public org.springframework.http.ResponseEntity<java.util.Map<java.lang.String, java.lang.Object>> org.springframework.boot.autoconfigure.web.BasicErrorController.error(javax.servlet.http.HttpServletRequest)
2018-11-14 16:30:35 - Mapped "{[/error],produces=[text/html]}" onto public org.springframework.web.servlet.ModelAndView org.springframework.boot.autoconfigure.web.BasicErrorController.errorHtml(javax.servlet.http.HttpServletRequest,javax.servlet.http.HttpServletResponse)
2018-11-14 16:30:35 - Mapped URL path [/webjars/**] onto handler of type [class org.springframework.web.servlet.resource.ResourceHttpRequestHandler]
2018-11-14 16:30:35 - Mapped URL path [/**] onto handler of type [class org.springframework.web.servlet.resource.ResourceHttpRequestHandler]
2018-11-14 16:30:35 - Detected @ExceptionHandler methods in repositoryRestExceptionHandler
2018-11-14 16:30:35 - Mapped URL path [/**/favicon.ico] onto handler of type [class org.springframework.web.servlet.resource.ResourceHttpRequestHandler]
2018-11-14 16:31:38 - FrameworkServlet 'dispatcherServlet': initialization started
2018-11-14 16:31:38 - FrameworkServlet 'dispatcherServlet': initialization completed in 23 ms
2018-11-14 16:32:46 - Servlet.service() for servlet [dispatcherServlet] in context with path [] threw exception [Request processing failed; nested exception is java.lang.NullPointerException] with root cause
java.lang.NullPointerException: null
	at edu.northeastern.cs5500.team111.plagiarismdetector.controllers.UserController.loginUser(UserController.java:67)
	at sun.reflect.NativeMethodAccessorImpl.invoke0(Native Method)
	at sun.reflect.NativeMethodAccessorImpl.invoke(NativeMethodAccessorImpl.java:62)
	at sun.reflect.DelegatingMethodAccessorImpl.invoke(DelegatingMethodAccessorImpl.java:43)
	at java.lang.reflect.Method.invoke(Method.java:498)
	at org.springframework.web.method.support.InvocableHandlerMethod.doInvoke(InvocableHandlerMethod.java:205)
	at org.springframework.web.method.support.InvocableHandlerMethod.invokeForRequest(InvocableHandlerMethod.java:133)
	at org.springframework.web.servlet.mvc.method.annotation.ServletInvocableHandlerMethod.invokeAndHandle(ServletInvocableHandlerMethod.java:97)
	at org.springframework.web.servlet.mvc.method.annotation.RequestMappingHandlerAdapter.invokeHandlerMethod(RequestMappingHandlerAdapter.java:827)
	at org.springframework.web.servlet.mvc.method.annotation.RequestMappingHandlerAdapter.handleInternal(RequestMappingHandlerAdapter.java:738)
	at org.springframework.web.servlet.mvc.method.AbstractHandlerMethodAdapter.handle(AbstractHandlerMethodAdapter.java:85)
	at org.springframework.web.servlet.DispatcherServlet.doDispatch(DispatcherServlet.java:967)
	at org.springframework.web.servlet.DispatcherServlet.doService(DispatcherServlet.java:901)
	at org.springframework.web.servlet.FrameworkServlet.processRequest(FrameworkServlet.java:970)
	at org.springframework.web.servlet.FrameworkServlet.doPost(FrameworkServlet.java:872)
	at javax.servlet.http.HttpServlet.service(HttpServlet.java:661)
	at org.springframework.web.servlet.FrameworkServlet.service(FrameworkServlet.java:846)
	at javax.servlet.http.HttpServlet.service(HttpServlet.java:742)
	at org.apache.catalina.core.ApplicationFilterChain.internalDoFilter(ApplicationFilterChain.java:231)
	at org.apache.catalina.core.ApplicationFilterChain.doFilter(ApplicationFilterChain.java:166)
	at org.apache.tomcat.websocket.server.WsFilter.doFilter(WsFilter.java:52)
	at org.apache.catalina.core.ApplicationFilterChain.internalDoFilter(ApplicationFilterChain.java:193)
	at org.apache.catalina.core.ApplicationFilterChain.doFilter(ApplicationFilterChain.java:166)
	at org.springframework.web.filter.RequestContextFilter.doFilterInternal(RequestContextFilter.java:99)
	at org.springframework.web.filter.OncePerRequestFilter.doFilter(OncePerRequestFilter.java:107)
	at org.apache.catalina.core.ApplicationFilterChain.internalDoFilter(ApplicationFilterChain.java:193)
	at org.apache.catalina.core.ApplicationFilterChain.doFilter(ApplicationFilterChain.java:166)
	at org.springframework.web.filter.HttpPutFormContentFilter.doFilterInternal(HttpPutFormContentFilter.java:108)
	at org.springframework.web.filter.OncePerRequestFilter.doFilter(OncePerRequestFilter.java:107)
	at org.apache.catalina.core.ApplicationFilterChain.internalDoFilter(ApplicationFilterChain.java:193)
	at org.apache.catalina.core.ApplicationFilterChain.doFilter(ApplicationFilterChain.java:166)
	at org.springframework.web.filter.HiddenHttpMethodFilter.doFilterInternal(HiddenHttpMethodFilter.java:81)
	at org.springframework.web.filter.OncePerRequestFilter.doFilter(OncePerRequestFilter.java:107)
	at org.apache.catalina.core.ApplicationFilterChain.internalDoFilter(ApplicationFilterChain.java:193)
	at org.apache.catalina.core.ApplicationFilterChain.doFilter(ApplicationFilterChain.java:166)
	at org.springframework.web.filter.CharacterEncodingFilter.doFilterInternal(CharacterEncodingFilter.java:197)
	at org.springframework.web.filter.OncePerRequestFilter.doFilter(OncePerRequestFilter.java:107)
	at org.apache.catalina.core.ApplicationFilterChain.internalDoFilter(ApplicationFilterChain.java:193)
	at org.apache.catalina.core.ApplicationFilterChain.doFilter(ApplicationFilterChain.java:166)
	at org.apache.catalina.core.StandardWrapperValve.invoke(StandardWrapperValve.java:199)
	at org.apache.catalina.core.StandardContextValve.invoke(StandardContextValve.java:96)
	at org.apache.catalina.authenticator.AuthenticatorBase.invoke(AuthenticatorBase.java:504)
	at org.apache.catalina.core.StandardHostValve.invoke(StandardHostValve.java:140)
	at org.apache.catalina.valves.ErrorReportValve.invoke(ErrorReportValve.java:81)
	at org.apache.catalina.core.StandardEngineValve.invoke(StandardEngineValve.java:87)
	at org.apache.catalina.connector.CoyoteAdapter.service(CoyoteAdapter.java:342)
	at org.apache.coyote.http11.Http11Processor.service(Http11Processor.java:803)
	at org.apache.coyote.AbstractProcessorLight.process(AbstractProcessorLight.java:66)
	at org.apache.coyote.AbstractProtocol$ConnectionHandler.process(AbstractProtocol.java:790)
	at org.apache.tomcat.util.net.NioEndpoint$SocketProcessor.doRun(NioEndpoint.java:1459)
	at org.apache.tomcat.util.net.SocketProcessorBase.run(SocketProcessorBase.java:49)
	at java.util.concurrent.ThreadPoolExecutor.runWorker(ThreadPoolExecutor.java:1149)
	at java.util.concurrent.ThreadPoolExecutor$Worker.run(ThreadPoolExecutor.java:624)
	at org.apache.tomcat.util.threads.TaskThread$WrappingRunnable.run(TaskThread.java:61)
	at java.lang.Thread.run(Thread.java:748)
2018-11-14 16:32:52 - Servlet.service() for servlet [dispatcherServlet] in context with path [] threw exception [Request processing failed; nested exception is java.lang.NullPointerException] with root cause
java.lang.NullPointerException: null
	at edu.northeastern.cs5500.team111.plagiarismdetector.controllers.UserController.loginUser(UserController.java:67)
	at sun.reflect.NativeMethodAccessorImpl.invoke0(Native Method)
	at sun.reflect.NativeMethodAccessorImpl.invoke(NativeMethodAccessorImpl.java:62)
	at sun.reflect.DelegatingMethodAccessorImpl.invoke(DelegatingMethodAccessorImpl.java:43)
	at java.lang.reflect.Method.invoke(Method.java:498)
	at org.springframework.web.method.support.InvocableHandlerMethod.doInvoke(InvocableHandlerMethod.java:205)
	at org.springframework.web.method.support.InvocableHandlerMethod.invokeForRequest(InvocableHandlerMethod.java:133)
	at org.springframework.web.servlet.mvc.method.annotation.ServletInvocableHandlerMethod.invokeAndHandle(ServletInvocableHandlerMethod.java:97)
	at org.springframework.web.servlet.mvc.method.annotation.RequestMappingHandlerAdapter.invokeHandlerMethod(RequestMappingHandlerAdapter.java:827)
	at org.springframework.web.servlet.mvc.method.annotation.RequestMappingHandlerAdapter.handleInternal(RequestMappingHandlerAdapter.java:738)
	at org.springframework.web.servlet.mvc.method.AbstractHandlerMethodAdapter.handle(AbstractHandlerMethodAdapter.java:85)
	at org.springframework.web.servlet.DispatcherServlet.doDispatch(DispatcherServlet.java:967)
	at org.springframework.web.servlet.DispatcherServlet.doService(DispatcherServlet.java:901)
	at org.springframework.web.servlet.FrameworkServlet.processRequest(FrameworkServlet.java:970)
	at org.springframework.web.servlet.FrameworkServlet.doPost(FrameworkServlet.java:872)
	at javax.servlet.http.HttpServlet.service(HttpServlet.java:661)
	at org.springframework.web.servlet.FrameworkServlet.service(FrameworkServlet.java:846)
	at javax.servlet.http.HttpServlet.service(HttpServlet.java:742)
	at org.apache.catalina.core.ApplicationFilterChain.internalDoFilter(ApplicationFilterChain.java:231)
	at org.apache.catalina.core.ApplicationFilterChain.doFilter(ApplicationFilterChain.java:166)
	at org.apache.tomcat.websocket.server.WsFilter.doFilter(WsFilter.java:52)
	at org.apache.catalina.core.ApplicationFilterChain.internalDoFilter(ApplicationFilterChain.java:193)
	at org.apache.catalina.core.ApplicationFilterChain.doFilter(ApplicationFilterChain.java:166)
	at org.springframework.web.filter.RequestContextFilter.doFilterInternal(RequestContextFilter.java:99)
	at org.springframework.web.filter.OncePerRequestFilter.doFilter(OncePerRequestFilter.java:107)
	at org.apache.catalina.core.ApplicationFilterChain.internalDoFilter(ApplicationFilterChain.java:193)
	at org.apache.catalina.core.ApplicationFilterChain.doFilter(ApplicationFilterChain.java:166)
	at org.springframework.web.filter.HttpPutFormContentFilter.doFilterInternal(HttpPutFormContentFilter.java:108)
	at org.springframework.web.filter.OncePerRequestFilter.doFilter(OncePerRequestFilter.java:107)
	at org.apache.catalina.core.ApplicationFilterChain.internalDoFilter(ApplicationFilterChain.java:193)
	at org.apache.catalina.core.ApplicationFilterChain.doFilter(ApplicationFilterChain.java:166)
	at org.springframework.web.filter.HiddenHttpMethodFilter.doFilterInternal(HiddenHttpMethodFilter.java:81)
	at org.springframework.web.filter.OncePerRequestFilter.doFilter(OncePerRequestFilter.java:107)
	at org.apache.catalina.core.ApplicationFilterChain.internalDoFilter(ApplicationFilterChain.java:193)
	at org.apache.catalina.core.ApplicationFilterChain.doFilter(ApplicationFilterChain.java:166)
	at org.springframework.web.filter.CharacterEncodingFilter.doFilterInternal(CharacterEncodingFilter.java:197)
	at org.springframework.web.filter.OncePerRequestFilter.doFilter(OncePerRequestFilter.java:107)
	at org.apache.catalina.core.ApplicationFilterChain.internalDoFilter(ApplicationFilterChain.java:193)
	at org.apache.catalina.core.ApplicationFilterChain.doFilter(ApplicationFilterChain.java:166)
	at org.apache.catalina.core.StandardWrapperValve.invoke(StandardWrapperValve.java:199)
	at org.apache.catalina.core.StandardContextValve.invoke(StandardContextValve.java:96)
	at org.apache.catalina.authenticator.AuthenticatorBase.invoke(AuthenticatorBase.java:504)
	at org.apache.catalina.core.StandardHostValve.invoke(StandardHostValve.java:140)
	at org.apache.catalina.valves.ErrorReportValve.invoke(ErrorReportValve.java:81)
	at org.apache.catalina.core.StandardEngineValve.invoke(StandardEngineValve.java:87)
	at org.apache.catalina.connector.CoyoteAdapter.service(CoyoteAdapter.java:342)
	at org.apache.coyote.http11.Http11Processor.service(Http11Processor.java:803)
	at org.apache.coyote.AbstractProcessorLight.process(AbstractProcessorLight.java:66)
	at org.apache.coyote.AbstractProtocol$ConnectionHandler.process(AbstractProtocol.java:790)
	at org.apache.tomcat.util.net.NioEndpoint$SocketProcessor.doRun(NioEndpoint.java:1459)
	at org.apache.tomcat.util.net.SocketProcessorBase.run(SocketProcessorBase.java:49)
	at java.util.concurrent.ThreadPoolExecutor.runWorker(ThreadPoolExecutor.java:1149)
	at java.util.concurrent.ThreadPoolExecutor$Worker.run(ThreadPoolExecutor.java:624)
	at org.apache.tomcat.util.threads.TaskThread$WrappingRunnable.run(TaskThread.java:61)
	at java.lang.Thread.run(Thread.java:748)
2018-11-14 16:32:53 - Servlet.service() for servlet [dispatcherServlet] in context with path [] threw exception [Request processing failed; nested exception is java.lang.NullPointerException] with root cause
java.lang.NullPointerException: null
	at edu.northeastern.cs5500.team111.plagiarismdetector.controllers.UserController.loginUser(UserController.java:67)
	at sun.reflect.NativeMethodAccessorImpl.invoke0(Native Method)
	at sun.reflect.NativeMethodAccessorImpl.invoke(NativeMethodAccessorImpl.java:62)
	at sun.reflect.DelegatingMethodAccessorImpl.invoke(DelegatingMethodAccessorImpl.java:43)
	at java.lang.reflect.Method.invoke(Method.java:498)
	at org.springframework.web.method.support.InvocableHandlerMethod.doInvoke(InvocableHandlerMethod.java:205)
	at org.springframework.web.method.support.InvocableHandlerMethod.invokeForRequest(InvocableHandlerMethod.java:133)
	at org.springframework.web.servlet.mvc.method.annotation.ServletInvocableHandlerMethod.invokeAndHandle(ServletInvocableHandlerMethod.java:97)
	at org.springframework.web.servlet.mvc.method.annotation.RequestMappingHandlerAdapter.invokeHandlerMethod(RequestMappingHandlerAdapter.java:827)
	at org.springframework.web.servlet.mvc.method.annotation.RequestMappingHandlerAdapter.handleInternal(RequestMappingHandlerAdapter.java:738)
	at org.springframework.web.servlet.mvc.method.AbstractHandlerMethodAdapter.handle(AbstractHandlerMethodAdapter.java:85)
	at org.springframework.web.servlet.DispatcherServlet.doDispatch(DispatcherServlet.java:967)
	at org.springframework.web.servlet.DispatcherServlet.doService(DispatcherServlet.java:901)
	at org.springframework.web.servlet.FrameworkServlet.processRequest(FrameworkServlet.java:970)
	at org.springframework.web.servlet.FrameworkServlet.doPost(FrameworkServlet.java:872)
	at javax.servlet.http.HttpServlet.service(HttpServlet.java:661)
	at org.springframework.web.servlet.FrameworkServlet.service(FrameworkServlet.java:846)
	at javax.servlet.http.HttpServlet.service(HttpServlet.java:742)
	at org.apache.catalina.core.ApplicationFilterChain.internalDoFilter(ApplicationFilterChain.java:231)
	at org.apache.catalina.core.ApplicationFilterChain.doFilter(ApplicationFilterChain.java:166)
	at org.apache.tomcat.websocket.server.WsFilter.doFilter(WsFilter.java:52)
	at org.apache.catalina.core.ApplicationFilterChain.internalDoFilter(ApplicationFilterChain.java:193)
	at org.apache.catalina.core.ApplicationFilterChain.doFilter(ApplicationFilterChain.java:166)
	at org.springframework.web.filter.RequestContextFilter.doFilterInternal(RequestContextFilter.java:99)
	at org.springframework.web.filter.OncePerRequestFilter.doFilter(OncePerRequestFilter.java:107)
	at org.apache.catalina.core.ApplicationFilterChain.internalDoFilter(ApplicationFilterChain.java:193)
	at org.apache.catalina.core.ApplicationFilterChain.doFilter(ApplicationFilterChain.java:166)
	at org.springframework.web.filter.HttpPutFormContentFilter.doFilterInternal(HttpPutFormContentFilter.java:108)
	at org.springframework.web.filter.OncePerRequestFilter.doFilter(OncePerRequestFilter.java:107)
	at org.apache.catalina.core.ApplicationFilterChain.internalDoFilter(ApplicationFilterChain.java:193)
	at org.apache.catalina.core.ApplicationFilterChain.doFilter(ApplicationFilterChain.java:166)
	at org.springframework.web.filter.HiddenHttpMethodFilter.doFilterInternal(HiddenHttpMethodFilter.java:81)
	at org.springframework.web.filter.OncePerRequestFilter.doFilter(OncePerRequestFilter.java:107)
	at org.apache.catalina.core.ApplicationFilterChain.internalDoFilter(ApplicationFilterChain.java:193)
	at org.apache.catalina.core.ApplicationFilterChain.doFilter(ApplicationFilterChain.java:166)
	at org.springframework.web.filter.CharacterEncodingFilter.doFilterInternal(CharacterEncodingFilter.java:197)
	at org.springframework.web.filter.OncePerRequestFilter.doFilter(OncePerRequestFilter.java:107)
	at org.apache.catalina.core.ApplicationFilterChain.internalDoFilter(ApplicationFilterChain.java:193)
	at org.apache.catalina.core.ApplicationFilterChain.doFilter(ApplicationFilterChain.java:166)
	at org.apache.catalina.core.StandardWrapperValve.invoke(StandardWrapperValve.java:199)
	at org.apache.catalina.core.StandardContextValve.invoke(StandardContextValve.java:96)
	at org.apache.catalina.authenticator.AuthenticatorBase.invoke(AuthenticatorBase.java:504)
	at org.apache.catalina.core.StandardHostValve.invoke(StandardHostValve.java:140)
	at org.apache.catalina.valves.ErrorReportValve.invoke(ErrorReportValve.java:81)
	at org.apache.catalina.core.StandardEngineValve.invoke(StandardEngineValve.java:87)
	at org.apache.catalina.connector.CoyoteAdapter.service(CoyoteAdapter.java:342)
	at org.apache.coyote.http11.Http11Processor.service(Http11Processor.java:803)
	at org.apache.coyote.AbstractProcessorLight.process(AbstractProcessorLight.java:66)
	at org.apache.coyote.AbstractProtocol$ConnectionHandler.process(AbstractProtocol.java:790)
	at org.apache.tomcat.util.net.NioEndpoint$SocketProcessor.doRun(NioEndpoint.java:1459)
	at org.apache.tomcat.util.net.SocketProcessorBase.run(SocketProcessorBase.java:49)
	at java.util.concurrent.ThreadPoolExecutor.runWorker(ThreadPoolExecutor.java:1149)
	at java.util.concurrent.ThreadPoolExecutor$Worker.run(ThreadPoolExecutor.java:624)
	at org.apache.tomcat.util.threads.TaskThread$WrappingRunnable.run(TaskThread.java:61)
	at java.lang.Thread.run(Thread.java:748)
