2018-11-13 00:26:41 - Refreshing org.springframework.web.context.support.GenericWebApplicationContext@239d9cb7: startup date [Tue Nov 13 00:26:41 EST 2018]; root of context hierarchy
2018-11-13 00:26:47 - Looking for @ControllerAdvice: org.springframework.web.context.support.GenericWebApplicationContext@239d9cb7: startup date [Tue Nov 13 00:26:41 EST 2018]; root of context hierarchy
2018-11-13 00:26:47 - Mapped "{[/folderUpload],methods=[POST]}" onto public org.springframework.http.HttpStatus edu.northeastern.cs5500.team111.plagiarismdetector.controllers.FileController.uploadFiles(org.springframework.web.multipart.MultipartFile[],java.lang.Long)
2018-11-13 00:26:47 - Mapped "{[/{userId}/getFiles],methods=[GET]}" onto public java.util.List<edu.northeastern.cs5500.team111.plagiarismdetector.domain.PythonFile> edu.northeastern.cs5500.team111.plagiarismdetector.controllers.FileController.getAllFilesForUser(java.lang.String)
2018-11-13 00:26:47 - Mapped "{[/{userId}/getFolders],methods=[GET]}" onto public java.util.List<edu.northeastern.cs5500.team111.plagiarismdetector.domain.RootFolder> edu.northeastern.cs5500.team111.plagiarismdetector.controllers.FileController.getAllFoldersForUser(java.lang.String)
2018-11-13 00:26:47 - Mapped "{[/{rootFolderId}/getFolder],methods=[DELETE]}" onto public org.springframework.http.HttpStatus edu.northeastern.cs5500.team111.plagiarismdetector.controllers.FileController.deleteFolder(java.lang.String)
2018-11-13 00:26:47 - Mapped "{[/{rootFolderId}/statistics],methods=[GET]}" onto public java.util.List<edu.northeastern.cs5500.team111.plagiarismdetector.domain.Counter> edu.northeastern.cs5500.team111.plagiarismdetector.controllers.FileController.statsFiles(java.lang.Long)
2018-11-13 00:26:47 - Mapped "{[/{rootFolderId}/{comparisionType}/compare],methods=[GET]}" onto public java.util.List<edu.northeastern.cs5500.team111.plagiarismdetector.domain.Report> edu.northeastern.cs5500.team111.plagiarismdetector.controllers.FileController.compareFiles(java.lang.String,edu.northeastern.cs5500.team111.comparisonstrategies.ComparisonAlgorithm)
2018-11-13 00:26:47 - Mapped "{[/getUser],methods=[POST]}" onto public edu.northeastern.cs5500.team111.plagiarismdetector.domain.User edu.northeastern.cs5500.team111.plagiarismdetector.controllers.UserController.getUser(edu.northeastern.cs5500.team111.plagiarismdetector.domain.User)
2018-11-13 00:26:47 - Mapped "{[/users/{userId}],methods=[DELETE]}" onto public void edu.northeastern.cs5500.team111.plagiarismdetector.controllers.UserController.deleteUser(java.lang.String)
2018-11-13 00:26:47 - Mapped "{[/register],methods=[POST]}" onto public edu.northeastern.cs5500.team111.plagiarismdetector.domain.User edu.northeastern.cs5500.team111.plagiarismdetector.controllers.UserController.createUser(edu.northeastern.cs5500.team111.plagiarismdetector.domain.User,org.springframework.validation.BindingResult)
2018-11-13 00:26:47 - Mapped "{[/getUsers],methods=[GET]}" onto public java.util.List<edu.northeastern.cs5500.team111.plagiarismdetector.domain.User> edu.northeastern.cs5500.team111.plagiarismdetector.controllers.UserController.getAllUsers()
2018-11-13 00:26:47 - Mapped "{[/login],methods=[POST]}" onto public edu.northeastern.cs5500.team111.plagiarismdetector.domain.User edu.northeastern.cs5500.team111.plagiarismdetector.controllers.UserController.loginUser(edu.northeastern.cs5500.team111.plagiarismdetector.domain.User)
2018-11-13 00:26:47 - Mapped "{[/error]}" onto public org.springframework.http.ResponseEntity<java.util.Map<java.lang.String, java.lang.Object>> org.springframework.boot.autoconfigure.web.BasicErrorController.error(javax.servlet.http.HttpServletRequest)
2018-11-13 00:26:47 - Mapped "{[/error],produces=[text/html]}" onto public org.springframework.web.servlet.ModelAndView org.springframework.boot.autoconfigure.web.BasicErrorController.errorHtml(javax.servlet.http.HttpServletRequest,javax.servlet.http.HttpServletResponse)
2018-11-13 00:26:47 - Mapped URL path [/webjars/**] onto handler of type [class org.springframework.web.servlet.resource.ResourceHttpRequestHandler]
2018-11-13 00:26:47 - Mapped URL path [/**] onto handler of type [class org.springframework.web.servlet.resource.ResourceHttpRequestHandler]
2018-11-13 00:26:47 - Detected @ExceptionHandler methods in repositoryRestExceptionHandler
2018-11-13 00:26:47 - Mapped URL path [/**/favicon.ico] onto handler of type [class org.springframework.web.servlet.resource.ResourceHttpRequestHandler]
2018-11-13 00:26:54 - files to be uploaded are null or List contains no file
2018-11-13 00:26:54 - files to be uploaded are null or List contains no file
2018-11-13 00:26:54 - /Users/amritanshtripathi/Documents/Northeastern/Northeastern-Assignments%20%26%20Projects/Managing%20Software%20Development/Project/PlagiarismDetector/target/classes/algo.properties (No such file or directory)
2018-11-13 00:26:55 - Looking for @ControllerAdvice: org.springframework.test.web.servlet.setup.StubWebApplicationContext@6fb7bde4
2018-11-13 00:26:56 - Looking for @ControllerAdvice: org.springframework.test.web.servlet.setup.StubWebApplicationContext@5206929b
2018-11-13 00:26:56 - Looking for @ControllerAdvice: org.springframework.test.web.servlet.setup.StubWebApplicationContext@45478c69
2018-11-13 00:26:56 - Looking for @ControllerAdvice: org.springframework.test.web.servlet.setup.StubWebApplicationContext@1945e58c
2018-11-13 00:26:56 - Looking for @ControllerAdvice: org.springframework.test.web.servlet.setup.StubWebApplicationContext@bb80845
2018-11-13 00:26:56 - Looking for @ControllerAdvice: org.springframework.test.web.servlet.setup.StubWebApplicationContext@67dff4c9
2018-11-13 00:26:56 - Looking for @ControllerAdvice: org.springframework.test.web.servlet.setup.StubWebApplicationContext@265391de
2018-11-13 00:26:56 - /Users/amritanshtripathi/Documents/Northeastern/Northeastern-Assignments%20%26%20Projects/Managing%20Software%20Development/Project/PlagiarismDetector/target/classes/algo.properties (No such file or directory)
2018-11-13 00:26:56 - /Users/amritanshtripathi/Documents/Northeastern/Northeastern-Assignments%20%26%20Projects/Managing%20Software%20Development/Project/PlagiarismDetector/target/classes/algo.properties (No such file or directory)
2018-11-13 00:26:57 - /Users/amritanshtripathi/Documents/Northeastern/Northeastern-Assignments%20%26%20Projects/Managing%20Software%20Development/Project/PlagiarismDetector/target/classes/algo.properties (No such file or directory)
2018-11-13 00:26:57 - /Users/amritanshtripathi/Documents/Northeastern/Northeastern-Assignments%20%26%20Projects/Managing%20Software%20Development/Project/PlagiarismDetector/target/classes/algo.properties (No such file or directory)
2018-11-13 00:26:57 - /Users/amritanshtripathi/Documents/Northeastern/Northeastern-Assignments%20%26%20Projects/Managing%20Software%20Development/Project/PlagiarismDetector/target/classes/algo.properties (No such file or directory)
2018-11-13 00:26:57 - /Users/amritanshtripathi/Documents/Northeastern/Northeastern-Assignments%20%26%20Projects/Managing%20Software%20Development/Project/PlagiarismDetector/target/classes/algo.properties (No such file or directory)
2018-11-13 00:26:57 - /Users/amritanshtripathi/Documents/Northeastern/Northeastern-Assignments%20%26%20Projects/Managing%20Software%20Development/Project/PlagiarismDetector/target/classes/algo.properties (No such file or directory)
2018-11-13 00:26:57 - /Users/amritanshtripathi/Documents/Northeastern/Northeastern-Assignments%20%26%20Projects/Managing%20Software%20Development/Project/PlagiarismDetector/target/classes/algo.properties (No such file or directory)
2018-11-13 00:26:57 - /Users/amritanshtripathi/Documents/Northeastern/Northeastern-Assignments%20%26%20Projects/Managing%20Software%20Development/Project/PlagiarismDetector/target/classes/algo.properties (No such file or directory)
2018-11-13 00:26:58 - /Users/amritanshtripathi/Documents/Northeastern/Northeastern-Assignments%20%26%20Projects/Managing%20Software%20Development/Project/PlagiarismDetector/target/classes/algo.properties (No such file or directory)
2018-11-13 00:26:58 - /Users/amritanshtripathi/Documents/Northeastern/Northeastern-Assignments%20%26%20Projects/Managing%20Software%20Development/Project/PlagiarismDetector/target/classes/algo.properties (No such file or directory)
2018-11-13 00:26:58 - /Users/amritanshtripathi/Documents/Northeastern/Northeastern-Assignments%20%26%20Projects/Managing%20Software%20Development/Project/PlagiarismDetector/target/classes/algo.properties (No such file or directory)
2018-11-13 00:26:58 - /Users/amritanshtripathi/Documents/Northeastern/Northeastern-Assignments%20%26%20Projects/Managing%20Software%20Development/Project/PlagiarismDetector/target/classes/algo.properties (No such file or directory)
2018-11-13 00:26:58 - /Users/amritanshtripathi/Documents/Northeastern/Northeastern-Assignments%20%26%20Projects/Managing%20Software%20Development/Project/PlagiarismDetector/target/classes/algo.properties (No such file or directory)
2018-11-13 00:26:58 - /Users/amritanshtripathi/Documents/Northeastern/Northeastern-Assignments%20%26%20Projects/Managing%20Software%20Development/Project/PlagiarismDetector/target/classes/algo.properties (No such file or directory)
2018-11-13 00:30:44 - Closing org.springframework.web.context.support.GenericWebApplicationContext@239d9cb7: startup date [Tue Nov 13 00:26:41 EST 2018]; root of context hierarchy
2018-11-13 00:32:00 - Refreshing org.springframework.web.context.support.GenericWebApplicationContext@239d9cb7: startup date [Tue Nov 13 00:32:00 EST 2018]; root of context hierarchy
2018-11-13 00:32:07 - Looking for @ControllerAdvice: org.springframework.web.context.support.GenericWebApplicationContext@239d9cb7: startup date [Tue Nov 13 00:32:00 EST 2018]; root of context hierarchy
2018-11-13 00:32:07 - Mapped "{[/{userId}/getFiles],methods=[GET]}" onto public java.util.List<edu.northeastern.cs5500.team111.plagiarismdetector.domain.PythonFile> edu.northeastern.cs5500.team111.plagiarismdetector.controllers.FileController.getAllFilesForUser(java.lang.String)
2018-11-13 00:32:07 - Mapped "{[/{userId}/getFolders],methods=[GET]}" onto public java.util.List<edu.northeastern.cs5500.team111.plagiarismdetector.domain.RootFolder> edu.northeastern.cs5500.team111.plagiarismdetector.controllers.FileController.getAllFoldersForUser(java.lang.String)
2018-11-13 00:32:07 - Mapped "{[/{rootFolderId}/getFolder],methods=[DELETE]}" onto public org.springframework.http.HttpStatus edu.northeastern.cs5500.team111.plagiarismdetector.controllers.FileController.deleteFolder(java.lang.String)
2018-11-13 00:32:07 - Mapped "{[/{rootFolderId}/{comparisionType}/compare],methods=[GET]}" onto public java.util.List<edu.northeastern.cs5500.team111.plagiarismdetector.domain.Report> edu.northeastern.cs5500.team111.plagiarismdetector.controllers.FileController.compareFiles(java.lang.String,edu.northeastern.cs5500.team111.comparisonstrategies.ComparisonAlgorithm)
2018-11-13 00:32:07 - Mapped "{[/{rootFolderId}/statistics],methods=[GET]}" onto public java.util.List<edu.northeastern.cs5500.team111.plagiarismdetector.domain.Counter> edu.northeastern.cs5500.team111.plagiarismdetector.controllers.FileController.statsFiles(java.lang.Long)
2018-11-13 00:32:07 - Mapped "{[/folderUpload],methods=[POST]}" onto public org.springframework.http.HttpStatus edu.northeastern.cs5500.team111.plagiarismdetector.controllers.FileController.uploadFiles(org.springframework.web.multipart.MultipartFile[],java.lang.Long)
2018-11-13 00:32:07 - Mapped "{[/register],methods=[POST]}" onto public edu.northeastern.cs5500.team111.plagiarismdetector.domain.User edu.northeastern.cs5500.team111.plagiarismdetector.controllers.UserController.createUser(edu.northeastern.cs5500.team111.plagiarismdetector.domain.User,org.springframework.validation.BindingResult)
2018-11-13 00:32:07 - Mapped "{[/getUsers],methods=[GET]}" onto public java.util.List<edu.northeastern.cs5500.team111.plagiarismdetector.domain.User> edu.northeastern.cs5500.team111.plagiarismdetector.controllers.UserController.getAllUsers()
2018-11-13 00:32:07 - Mapped "{[/login],methods=[POST]}" onto public edu.northeastern.cs5500.team111.plagiarismdetector.domain.User edu.northeastern.cs5500.team111.plagiarismdetector.controllers.UserController.loginUser(edu.northeastern.cs5500.team111.plagiarismdetector.domain.User)
2018-11-13 00:32:07 - Mapped "{[/getUser],methods=[POST]}" onto public edu.northeastern.cs5500.team111.plagiarismdetector.domain.User edu.northeastern.cs5500.team111.plagiarismdetector.controllers.UserController.getUser(edu.northeastern.cs5500.team111.plagiarismdetector.domain.User)
2018-11-13 00:32:07 - Mapped "{[/users/{userId}],methods=[DELETE]}" onto public void edu.northeastern.cs5500.team111.plagiarismdetector.controllers.UserController.deleteUser(java.lang.String)
2018-11-13 00:32:07 - Mapped "{[/error]}" onto public org.springframework.http.ResponseEntity<java.util.Map<java.lang.String, java.lang.Object>> org.springframework.boot.autoconfigure.web.BasicErrorController.error(javax.servlet.http.HttpServletRequest)
2018-11-13 00:32:07 - Mapped "{[/error],produces=[text/html]}" onto public org.springframework.web.servlet.ModelAndView org.springframework.boot.autoconfigure.web.BasicErrorController.errorHtml(javax.servlet.http.HttpServletRequest,javax.servlet.http.HttpServletResponse)
2018-11-13 00:32:07 - Mapped URL path [/webjars/**] onto handler of type [class org.springframework.web.servlet.resource.ResourceHttpRequestHandler]
2018-11-13 00:32:07 - Mapped URL path [/**] onto handler of type [class org.springframework.web.servlet.resource.ResourceHttpRequestHandler]
2018-11-13 00:32:07 - Detected @ExceptionHandler methods in repositoryRestExceptionHandler
2018-11-13 00:32:07 - Mapped URL path [/**/favicon.ico] onto handler of type [class org.springframework.web.servlet.resource.ResourceHttpRequestHandler]
2018-11-13 00:32:13 - files to be uploaded are null or List contains no file
2018-11-13 00:32:13 - files to be uploaded are null or List contains no file
2018-11-13 00:32:14 - /Users/amritanshtripathi/Documents/Northeastern/Northeastern-Assignments%20%26%20Projects/Managing%20Software%20Development/Project/PlagiarismDetector/target/classes/algo.properties (No such file or directory)
2018-11-13 00:32:15 - Looking for @ControllerAdvice: org.springframework.test.web.servlet.setup.StubWebApplicationContext@70aca2b1
2018-11-13 00:32:15 - Looking for @ControllerAdvice: org.springframework.test.web.servlet.setup.StubWebApplicationContext@77451615
2018-11-13 00:32:15 - Looking for @ControllerAdvice: org.springframework.test.web.servlet.setup.StubWebApplicationContext@42b7f875
2018-11-13 00:32:15 - Looking for @ControllerAdvice: org.springframework.test.web.servlet.setup.StubWebApplicationContext@18110688
2018-11-13 00:32:15 - Looking for @ControllerAdvice: org.springframework.test.web.servlet.setup.StubWebApplicationContext@d6b103c
2018-11-13 00:32:15 - Looking for @ControllerAdvice: org.springframework.test.web.servlet.setup.StubWebApplicationContext@2acdb6fd
2018-11-13 00:32:15 - Looking for @ControllerAdvice: org.springframework.test.web.servlet.setup.StubWebApplicationContext@64bf6a67
2018-11-13 00:32:16 - /Users/amritanshtripathi/Documents/Northeastern/Northeastern-Assignments%20%26%20Projects/Managing%20Software%20Development/Project/PlagiarismDetector/target/classes/algo.properties (No such file or directory)
2018-11-13 00:32:16 - /Users/amritanshtripathi/Documents/Northeastern/Northeastern-Assignments%20%26%20Projects/Managing%20Software%20Development/Project/PlagiarismDetector/target/classes/algo.properties (No such file or directory)
2018-11-13 00:32:16 - /Users/amritanshtripathi/Documents/Northeastern/Northeastern-Assignments%20%26%20Projects/Managing%20Software%20Development/Project/PlagiarismDetector/target/classes/algo.properties (No such file or directory)
2018-11-13 00:32:16 - /Users/amritanshtripathi/Documents/Northeastern/Northeastern-Assignments%20%26%20Projects/Managing%20Software%20Development/Project/PlagiarismDetector/target/classes/algo.properties (No such file or directory)
2018-11-13 00:32:17 - /Users/amritanshtripathi/Documents/Northeastern/Northeastern-Assignments%20%26%20Projects/Managing%20Software%20Development/Project/PlagiarismDetector/target/classes/algo.properties (No such file or directory)
2018-11-13 00:32:17 - /Users/amritanshtripathi/Documents/Northeastern/Northeastern-Assignments%20%26%20Projects/Managing%20Software%20Development/Project/PlagiarismDetector/target/classes/algo.properties (No such file or directory)
2018-11-13 00:32:17 - /Users/amritanshtripathi/Documents/Northeastern/Northeastern-Assignments%20%26%20Projects/Managing%20Software%20Development/Project/PlagiarismDetector/target/classes/algo.properties (No such file or directory)
2018-11-13 00:32:17 - /Users/amritanshtripathi/Documents/Northeastern/Northeastern-Assignments%20%26%20Projects/Managing%20Software%20Development/Project/PlagiarismDetector/target/classes/algo.properties (No such file or directory)
2018-11-13 00:32:17 - /Users/amritanshtripathi/Documents/Northeastern/Northeastern-Assignments%20%26%20Projects/Managing%20Software%20Development/Project/PlagiarismDetector/target/classes/algo.properties (No such file or directory)
2018-11-13 00:32:17 - /Users/amritanshtripathi/Documents/Northeastern/Northeastern-Assignments%20%26%20Projects/Managing%20Software%20Development/Project/PlagiarismDetector/target/classes/algo.properties (No such file or directory)
2018-11-13 00:32:17 - /Users/amritanshtripathi/Documents/Northeastern/Northeastern-Assignments%20%26%20Projects/Managing%20Software%20Development/Project/PlagiarismDetector/target/classes/algo.properties (No such file or directory)
2018-11-13 00:32:17 - /Users/amritanshtripathi/Documents/Northeastern/Northeastern-Assignments%20%26%20Projects/Managing%20Software%20Development/Project/PlagiarismDetector/target/classes/algo.properties (No such file or directory)
2018-11-13 00:32:17 - /Users/amritanshtripathi/Documents/Northeastern/Northeastern-Assignments%20%26%20Projects/Managing%20Software%20Development/Project/PlagiarismDetector/target/classes/algo.properties (No such file or directory)
2018-11-13 00:32:17 - /Users/amritanshtripathi/Documents/Northeastern/Northeastern-Assignments%20%26%20Projects/Managing%20Software%20Development/Project/PlagiarismDetector/target/classes/algo.properties (No such file or directory)
2018-11-13 00:32:17 - /Users/amritanshtripathi/Documents/Northeastern/Northeastern-Assignments%20%26%20Projects/Managing%20Software%20Development/Project/PlagiarismDetector/target/classes/algo.properties (No such file or directory)
2018-11-13 00:39:37 - /Users/amritanshtripathi/Documents/Northeastern/Northeastern-Assignments%20%26%20Projects/Managing%20Software%20Development/Project/PlagiarismDetector/target/classes/algo.properties (No such file or directory)
2018-11-13 00:39:37 - Closing org.springframework.web.context.support.GenericWebApplicationContext@239d9cb7: startup date [Tue Nov 13 00:32:00 EST 2018]; root of context hierarchy
