2018-05-18 16:10:07 - Root WebApplicationContext: initialization completed in 1416 ms
2018-05-18 16:10:09 - Looking for @ControllerAdvice: org.springframework.boot.context.embedded.AnnotationConfigEmbeddedWebApplicationContext@c33b74f: startup date [Fri May 18 16:10:06 EDT 2018]; root of context hierarchy
2018-05-18 16:10:09 - Mapped "{[/{userId}/getFiles],methods=[GET]}" onto public java.util.List<edu.northeastern.cs5500.team111.plagiarismdetector.domain.PythonFile> edu.northeastern.cs5500.team111.plagiarismdetector.controllers.FileController.getAllFilesForUser(java.lang.String)
2018-05-18 16:10:09 - Mapped "{[/{userId}/getFolders],methods=[GET]}" onto public java.util.List<edu.northeastern.cs5500.team111.plagiarismdetector.domain.RootFolder> edu.northeastern.cs5500.team111.plagiarismdetector.controllers.FileController.getAllFoldersForUser(java.lang.String)
2018-05-18 16:10:09 - Mapped "{[/{rootFolderId}/getFolder],methods=[DELETE]}" onto public org.springframework.http.HttpStatus edu.northeastern.cs5500.team111.plagiarismdetector.controllers.FileController.deleteFolder(java.lang.String)
2018-05-18 16:10:09 - Mapped "{[/{rootFolderId}/{comparisionType}/compare],methods=[GET]}" onto public java.util.List<edu.northeastern.cs5500.team111.plagiarismdetector.domain.Report> edu.northeastern.cs5500.team111.plagiarismdetector.controllers.FileController.compareFiles(java.lang.String,edu.northeastern.cs5500.team111.comparisonstrategies.ComparisonAlgorithm)
2018-05-18 16:10:09 - Mapped "{[/{rootFolderId}/statistics],methods=[GET]}" onto public java.util.List<edu.northeastern.cs5500.team111.plagiarismdetector.domain.Counter> edu.northeastern.cs5500.team111.plagiarismdetector.controllers.FileController.statsFiles(java.lang.Long)
2018-05-18 16:10:09 - Mapped "{[/folderUpload],methods=[POST]}" onto public org.springframework.http.HttpStatus edu.northeastern.cs5500.team111.plagiarismdetector.controllers.FileController.uploadFiles(org.springframework.web.multipart.MultipartFile[],java.lang.Long)
2018-05-18 16:10:09 - Mapped "{[/register],methods=[POST]}" onto public edu.northeastern.cs5500.team111.plagiarismdetector.domain.User edu.northeastern.cs5500.team111.plagiarismdetector.controllers.UserController.createUser(edu.northeastern.cs5500.team111.plagiarismdetector.domain.User,org.springframework.validation.BindingResult)
2018-05-18 16:10:09 - Mapped "{[/login],methods=[POST]}" onto public edu.northeastern.cs5500.team111.plagiarismdetector.domain.User edu.northeastern.cs5500.team111.plagiarismdetector.controllers.UserController.loginUser(edu.northeastern.cs5500.team111.plagiarismdetector.domain.User)
2018-05-18 16:10:09 - Mapped "{[/getUser],methods=[POST]}" onto public edu.northeastern.cs5500.team111.plagiarismdetector.domain.User edu.northeastern.cs5500.team111.plagiarismdetector.controllers.UserController.getUser(edu.northeastern.cs5500.team111.plagiarismdetector.domain.User)
2018-05-18 16:10:09 - Mapped "{[/users/{userId}],methods=[DELETE]}" onto public void edu.northeastern.cs5500.team111.plagiarismdetector.controllers.UserController.deleteUser(java.lang.String)
2018-05-18 16:10:09 - Mapped "{[/getUsers],methods=[GET]}" onto public java.util.List<edu.northeastern.cs5500.team111.plagiarismdetector.domain.User> edu.northeastern.cs5500.team111.plagiarismdetector.controllers.UserController.getAllUsers()
2018-05-18 16:10:09 - Mapped "{[/error]}" onto public org.springframework.http.ResponseEntity<java.util.Map<java.lang.String, java.lang.Object>> org.springframework.boot.autoconfigure.web.BasicErrorController.error(javax.servlet.http.HttpServletRequest)
2018-05-18 16:10:09 - Mapped "{[/error],produces=[text/html]}" onto public org.springframework.web.servlet.ModelAndView org.springframework.boot.autoconfigure.web.BasicErrorController.errorHtml(javax.servlet.http.HttpServletRequest,javax.servlet.http.HttpServletResponse)
2018-05-18 16:10:09 - Mapped URL path [/webjars/**] onto handler of type [class org.springframework.web.servlet.resource.ResourceHttpRequestHandler]
2018-05-18 16:10:09 - Mapped URL path [/**] onto handler of type [class org.springframework.web.servlet.resource.ResourceHttpRequestHandler]
2018-05-18 16:10:09 - Detected @ExceptionHandler methods in repositoryRestExceptionHandler
2018-05-18 16:10:10 - Mapped URL path [/**/favicon.ico] onto handler of type [class org.springframework.web.servlet.resource.ResourceHttpRequestHandler]
2018-05-18 16:10:28 - FrameworkServlet 'dispatcherServlet': initialization started
2018-05-18 16:10:28 - FrameworkServlet 'dispatcherServlet': initialization completed in 16 ms
2018-05-18 16:11:01 - Root WebApplicationContext: initialization completed in 1298 ms
2018-05-18 16:11:03 - Looking for @ControllerAdvice: org.springframework.boot.context.embedded.AnnotationConfigEmbeddedWebApplicationContext@c33b74f: startup date [Fri May 18 16:11:00 EDT 2018]; root of context hierarchy
2018-05-18 16:11:03 - Mapped "{[/{userId}/getFiles],methods=[GET]}" onto public java.util.List<edu.northeastern.cs5500.team111.plagiarismdetector.domain.PythonFile> edu.northeastern.cs5500.team111.plagiarismdetector.controllers.FileController.getAllFilesForUser(java.lang.String)
2018-05-18 16:11:03 - Mapped "{[/{userId}/getFolders],methods=[GET]}" onto public java.util.List<edu.northeastern.cs5500.team111.plagiarismdetector.domain.RootFolder> edu.northeastern.cs5500.team111.plagiarismdetector.controllers.FileController.getAllFoldersForUser(java.lang.String)
2018-05-18 16:11:03 - Mapped "{[/{rootFolderId}/getFolder],methods=[DELETE]}" onto public org.springframework.http.HttpStatus edu.northeastern.cs5500.team111.plagiarismdetector.controllers.FileController.deleteFolder(java.lang.String)
2018-05-18 16:11:03 - Mapped "{[/{rootFolderId}/{comparisionType}/compare],methods=[GET]}" onto public java.util.List<edu.northeastern.cs5500.team111.plagiarismdetector.domain.Report> edu.northeastern.cs5500.team111.plagiarismdetector.controllers.FileController.compareFiles(java.lang.String,edu.northeastern.cs5500.team111.comparisonstrategies.ComparisonAlgorithm)
2018-05-18 16:11:03 - Mapped "{[/{rootFolderId}/statistics],methods=[GET]}" onto public java.util.List<edu.northeastern.cs5500.team111.plagiarismdetector.domain.Counter> edu.northeastern.cs5500.team111.plagiarismdetector.controllers.FileController.statsFiles(java.lang.Long)
2018-05-18 16:11:03 - Mapped "{[/folderUpload],methods=[POST]}" onto public org.springframework.http.HttpStatus edu.northeastern.cs5500.team111.plagiarismdetector.controllers.FileController.uploadFiles(org.springframework.web.multipart.MultipartFile[],java.lang.Long)
2018-05-18 16:11:03 - Mapped "{[/register],methods=[POST]}" onto public edu.northeastern.cs5500.team111.plagiarismdetector.domain.User edu.northeastern.cs5500.team111.plagiarismdetector.controllers.UserController.createUser(edu.northeastern.cs5500.team111.plagiarismdetector.domain.User,org.springframework.validation.BindingResult)
2018-05-18 16:11:03 - Mapped "{[/getUser],methods=[POST]}" onto public edu.northeastern.cs5500.team111.plagiarismdetector.domain.User edu.northeastern.cs5500.team111.plagiarismdetector.controllers.UserController.getUser(edu.northeastern.cs5500.team111.plagiarismdetector.domain.User)
2018-05-18 16:11:03 - Mapped "{[/login],methods=[POST]}" onto public edu.northeastern.cs5500.team111.plagiarismdetector.domain.User edu.northeastern.cs5500.team111.plagiarismdetector.controllers.UserController.loginUser(edu.northeastern.cs5500.team111.plagiarismdetector.domain.User)
2018-05-18 16:11:03 - Mapped "{[/users/{userId}],methods=[DELETE]}" onto public void edu.northeastern.cs5500.team111.plagiarismdetector.controllers.UserController.deleteUser(java.lang.String)
2018-05-18 16:11:03 - Mapped "{[/getUsers],methods=[GET]}" onto public java.util.List<edu.northeastern.cs5500.team111.plagiarismdetector.domain.User> edu.northeastern.cs5500.team111.plagiarismdetector.controllers.UserController.getAllUsers()
2018-05-18 16:11:03 - Mapped "{[/error]}" onto public org.springframework.http.ResponseEntity<java.util.Map<java.lang.String, java.lang.Object>> org.springframework.boot.autoconfigure.web.BasicErrorController.error(javax.servlet.http.HttpServletRequest)
2018-05-18 16:11:03 - Mapped "{[/error],produces=[text/html]}" onto public org.springframework.web.servlet.ModelAndView org.springframework.boot.autoconfigure.web.BasicErrorController.errorHtml(javax.servlet.http.HttpServletRequest,javax.servlet.http.HttpServletResponse)
2018-05-18 16:11:03 - Mapped URL path [/webjars/**] onto handler of type [class org.springframework.web.servlet.resource.ResourceHttpRequestHandler]
2018-05-18 16:11:03 - Mapped URL path [/**] onto handler of type [class org.springframework.web.servlet.resource.ResourceHttpRequestHandler]
2018-05-18 16:11:03 - Detected @ExceptionHandler methods in repositoryRestExceptionHandler
2018-05-18 16:11:03 - Mapped URL path [/**/favicon.ico] onto handler of type [class org.springframework.web.servlet.resource.ResourceHttpRequestHandler]
2018-05-18 16:11:09 - FrameworkServlet 'dispatcherServlet': initialization started
2018-05-18 16:11:09 - FrameworkServlet 'dispatcherServlet': initialization completed in 14 ms
2018-05-18 16:24:52 - Root WebApplicationContext: initialization completed in 1292 ms
2018-05-18 16:24:54 - Looking for @ControllerAdvice: org.springframework.boot.context.embedded.AnnotationConfigEmbeddedWebApplicationContext@c33b74f: startup date [Fri May 18 16:24:51 EDT 2018]; root of context hierarchy
2018-05-18 16:24:54 - Mapped "{[/{userId}/getFiles],methods=[GET]}" onto public java.util.List<edu.northeastern.cs5500.team111.plagiarismdetector.domain.PythonFile> edu.northeastern.cs5500.team111.plagiarismdetector.controllers.FileController.getAllFilesForUser(java.lang.String)
2018-05-18 16:24:54 - Mapped "{[/{userId}/getFolders],methods=[GET]}" onto public java.util.List<edu.northeastern.cs5500.team111.plagiarismdetector.domain.RootFolder> edu.northeastern.cs5500.team111.plagiarismdetector.controllers.FileController.getAllFoldersForUser(java.lang.String)
2018-05-18 16:24:54 - Mapped "{[/{rootFolderId}/getFolder],methods=[DELETE]}" onto public org.springframework.http.HttpStatus edu.northeastern.cs5500.team111.plagiarismdetector.controllers.FileController.deleteFolder(java.lang.String)
2018-05-18 16:24:54 - Mapped "{[/{rootFolderId}/{comparisionType}/compare],methods=[GET]}" onto public java.util.List<edu.northeastern.cs5500.team111.plagiarismdetector.domain.Report> edu.northeastern.cs5500.team111.plagiarismdetector.controllers.FileController.compareFiles(java.lang.String,edu.northeastern.cs5500.team111.comparisonstrategies.ComparisonAlgorithm)
2018-05-18 16:24:54 - Mapped "{[/{rootFolderId}/statistics],methods=[GET]}" onto public java.util.List<edu.northeastern.cs5500.team111.plagiarismdetector.domain.Counter> edu.northeastern.cs5500.team111.plagiarismdetector.controllers.FileController.statsFiles(java.lang.Long)
2018-05-18 16:24:54 - Mapped "{[/folderUpload],methods=[POST]}" onto public org.springframework.http.HttpStatus edu.northeastern.cs5500.team111.plagiarismdetector.controllers.FileController.uploadFiles(org.springframework.web.multipart.MultipartFile[],java.lang.Long)
2018-05-18 16:24:54 - Mapped "{[/register],methods=[POST]}" onto public edu.northeastern.cs5500.team111.plagiarismdetector.domain.User edu.northeastern.cs5500.team111.plagiarismdetector.controllers.UserController.createUser(edu.northeastern.cs5500.team111.plagiarismdetector.domain.User,org.springframework.validation.BindingResult)
2018-05-18 16:24:54 - Mapped "{[/login],methods=[POST]}" onto public edu.northeastern.cs5500.team111.plagiarismdetector.domain.User edu.northeastern.cs5500.team111.plagiarismdetector.controllers.UserController.loginUser(edu.northeastern.cs5500.team111.plagiarismdetector.domain.User)
2018-05-18 16:24:54 - Mapped "{[/getUser],methods=[POST]}" onto public edu.northeastern.cs5500.team111.plagiarismdetector.domain.User edu.northeastern.cs5500.team111.plagiarismdetector.controllers.UserController.getUser(edu.northeastern.cs5500.team111.plagiarismdetector.domain.User)
2018-05-18 16:24:54 - Mapped "{[/users/{userId}],methods=[DELETE]}" onto public void edu.northeastern.cs5500.team111.plagiarismdetector.controllers.UserController.deleteUser(java.lang.String)
2018-05-18 16:24:54 - Mapped "{[/getUsers],methods=[GET]}" onto public java.util.List<edu.northeastern.cs5500.team111.plagiarismdetector.domain.User> edu.northeastern.cs5500.team111.plagiarismdetector.controllers.UserController.getAllUsers()
2018-05-18 16:24:54 - Mapped "{[/error]}" onto public org.springframework.http.ResponseEntity<java.util.Map<java.lang.String, java.lang.Object>> org.springframework.boot.autoconfigure.web.BasicErrorController.error(javax.servlet.http.HttpServletRequest)
2018-05-18 16:24:54 - Mapped "{[/error],produces=[text/html]}" onto public org.springframework.web.servlet.ModelAndView org.springframework.boot.autoconfigure.web.BasicErrorController.errorHtml(javax.servlet.http.HttpServletRequest,javax.servlet.http.HttpServletResponse)
2018-05-18 16:24:54 - Mapped URL path [/webjars/**] onto handler of type [class org.springframework.web.servlet.resource.ResourceHttpRequestHandler]
2018-05-18 16:24:54 - Mapped URL path [/**] onto handler of type [class org.springframework.web.servlet.resource.ResourceHttpRequestHandler]
2018-05-18 16:24:54 - Detected @ExceptionHandler methods in repositoryRestExceptionHandler
2018-05-18 16:24:54 - Mapped URL path [/**/favicon.ico] onto handler of type [class org.springframework.web.servlet.resource.ResourceHttpRequestHandler]
