2018-04-02 18:48:31 - Refreshing org.springframework.web.context.support.GenericWebApplicationContext@1715193f: startup date [Mon Apr 02 18:48:31 EDT 2018]; root of context hierarchy
2018-04-02 18:48:36 - Looking for @ControllerAdvice: org.springframework.web.context.support.GenericWebApplicationContext@1715193f: startup date [Mon Apr 02 18:48:31 EDT 2018]; root of context hierarchy
2018-04-02 18:48:36 - Mapped "{[/{rootFolderId}/getFolder],methods=[DELETE]}" onto public org.springframework.http.HttpStatus edu.northeastern.cs5500.team111.plagiarismdetector.controllers.FileController.deleteFolder(java.lang.String)
2018-04-02 18:48:36 - Mapped "{[/folderUpload],methods=[POST]}" onto public org.springframework.http.HttpStatus edu.northeastern.cs5500.team111.plagiarismdetector.controllers.FileController.uploadFiles(org.springframework.web.multipart.MultipartFile[],java.lang.Long)
2018-04-02 18:48:36 - Mapped "{[/{userId}/getFiles],methods=[GET]}" onto public java.util.List<edu.northeastern.cs5500.team111.plagiarismdetector.domain.PythonFile> edu.northeastern.cs5500.team111.plagiarismdetector.controllers.FileController.getAllFilesForUser(java.lang.String)
2018-04-02 18:48:36 - Mapped "{[/{userId}/getFolders],methods=[GET]}" onto public java.util.List<edu.northeastern.cs5500.team111.plagiarismdetector.domain.RootFolder> edu.northeastern.cs5500.team111.plagiarismdetector.controllers.FileController.getAllFoldersForUser(java.lang.String)
2018-04-02 18:48:36 - Mapped "{[/{rootFolderId}/{comparisionType}/compare],methods=[GET]}" onto public java.util.List<edu.northeastern.cs5500.team111.plagiarismdetector.domain.Report> edu.northeastern.cs5500.team111.plagiarismdetector.controllers.FileController.compareFiles(java.lang.String,edu.northeastern.cs5500.team111.comparisonstrategies.ComparisonAlgorithm)
2018-04-02 18:48:36 - Mapped "{[/register],methods=[POST]}" onto public edu.northeastern.cs5500.team111.plagiarismdetector.domain.User edu.northeastern.cs5500.team111.plagiarismdetector.controllers.UserController.createUser(edu.northeastern.cs5500.team111.plagiarismdetector.domain.User,org.springframework.validation.BindingResult)
2018-04-02 18:48:36 - Mapped "{[/getUsers],methods=[GET]}" onto public java.util.List<edu.northeastern.cs5500.team111.plagiarismdetector.domain.User> edu.northeastern.cs5500.team111.plagiarismdetector.controllers.UserController.getAllUsers()
2018-04-02 18:48:36 - Mapped "{[/login],methods=[POST]}" onto public edu.northeastern.cs5500.team111.plagiarismdetector.domain.User edu.northeastern.cs5500.team111.plagiarismdetector.controllers.UserController.loginUser(edu.northeastern.cs5500.team111.plagiarismdetector.domain.User)
2018-04-02 18:48:36 - Mapped "{[/users/{userId}],methods=[DELETE]}" onto public void edu.northeastern.cs5500.team111.plagiarismdetector.controllers.UserController.getUser(java.lang.String)
2018-04-02 18:48:36 - Mapped "{[/getUser],methods=[POST]}" onto public edu.northeastern.cs5500.team111.plagiarismdetector.domain.User edu.northeastern.cs5500.team111.plagiarismdetector.controllers.UserController.getUser(edu.northeastern.cs5500.team111.plagiarismdetector.domain.User)
2018-04-02 18:48:36 - Mapped "{[/error]}" onto public org.springframework.http.ResponseEntity<java.util.Map<java.lang.String, java.lang.Object>> org.springframework.boot.autoconfigure.web.BasicErrorController.error(javax.servlet.http.HttpServletRequest)
2018-04-02 18:48:36 - Mapped "{[/error],produces=[text/html]}" onto public org.springframework.web.servlet.ModelAndView org.springframework.boot.autoconfigure.web.BasicErrorController.errorHtml(javax.servlet.http.HttpServletRequest,javax.servlet.http.HttpServletResponse)
2018-04-02 18:48:37 - Mapped URL path [/webjars/**] onto handler of type [class org.springframework.web.servlet.resource.ResourceHttpRequestHandler]
2018-04-02 18:48:37 - Mapped URL path [/**] onto handler of type [class org.springframework.web.servlet.resource.ResourceHttpRequestHandler]
2018-04-02 18:48:37 - Detected @ExceptionHandler methods in repositoryRestExceptionHandler
2018-04-02 18:48:37 - Mapped URL path [/**/favicon.ico] onto handler of type [class org.springframework.web.servlet.resource.ResourceHttpRequestHandler]
2018-04-02 18:48:37 - files to be uploaded are null or List contains no file
2018-04-02 18:48:37 - files to be uploaded are null or List contains no file
2018-04-02 18:48:38 - Looking for @ControllerAdvice: org.springframework.test.web.servlet.setup.StubWebApplicationContext@4e5f2af6
2018-04-02 18:48:39 - Looking for @ControllerAdvice: org.springframework.test.web.servlet.setup.StubWebApplicationContext@28f16dfc
2018-04-02 18:48:49 - Closing org.springframework.web.context.support.GenericWebApplicationContext@1715193f: startup date [Mon Apr 02 18:48:31 EDT 2018]; root of context hierarchy
