2018-04-20 12:02:41 - Refreshing org.springframework.web.context.support.GenericWebApplicationContext@15fe020d: startup date [Fri Apr 20 12:02:41 EDT 2018]; root of context hierarchy
2018-04-20 12:02:47 - Looking for @ControllerAdvice: org.springframework.web.context.support.GenericWebApplicationContext@15fe020d: startup date [Fri Apr 20 12:02:41 EDT 2018]; root of context hierarchy
2018-04-20 12:02:48 - Mapped "{[/folderUpload],methods=[POST]}" onto public org.springframework.http.HttpStatus edu.northeastern.cs5500.team111.plagiarismdetector.controllers.FileController.uploadFiles(org.springframework.web.multipart.MultipartFile[],java.lang.Long)
2018-04-20 12:02:48 - Mapped "{[/{userId}/getFiles],methods=[GET]}" onto public java.util.List<edu.northeastern.cs5500.team111.plagiarismdetector.domain.PythonFile> edu.northeastern.cs5500.team111.plagiarismdetector.controllers.FileController.getAllFilesForUser(java.lang.String)
2018-04-20 12:02:48 - Mapped "{[/{userId}/getFolders],methods=[GET]}" onto public java.util.List<edu.northeastern.cs5500.team111.plagiarismdetector.domain.RootFolder> edu.northeastern.cs5500.team111.plagiarismdetector.controllers.FileController.getAllFoldersForUser(java.lang.String)
2018-04-20 12:02:48 - Mapped "{[/{rootFolderId}/getFolder],methods=[DELETE]}" onto public org.springframework.http.HttpStatus edu.northeastern.cs5500.team111.plagiarismdetector.controllers.FileController.deleteFolder(java.lang.String)
2018-04-20 12:02:48 - Mapped "{[/{rootFolderId}/{comparisionType}/compare],methods=[GET]}" onto public java.util.List<edu.northeastern.cs5500.team111.plagiarismdetector.domain.Report> edu.northeastern.cs5500.team111.plagiarismdetector.controllers.FileController.compareFiles(java.lang.String,edu.northeastern.cs5500.team111.comparisonstrategies.ComparisonAlgorithm)
2018-04-20 12:02:48 - Mapped "{[/{rootFolderId}/statistics],methods=[GET]}" onto public java.util.List<edu.northeastern.cs5500.team111.plagiarismdetector.domain.Counter> edu.northeastern.cs5500.team111.plagiarismdetector.controllers.FileController.statsFiles(java.lang.Long)
2018-04-20 12:02:48 - Mapped "{[/register],methods=[POST]}" onto public edu.northeastern.cs5500.team111.plagiarismdetector.domain.User edu.northeastern.cs5500.team111.plagiarismdetector.controllers.UserController.createUser(edu.northeastern.cs5500.team111.plagiarismdetector.domain.User,org.springframework.validation.BindingResult)
2018-04-20 12:02:48 - Mapped "{[/getUsers],methods=[GET]}" onto public java.util.List<edu.northeastern.cs5500.team111.plagiarismdetector.domain.User> edu.northeastern.cs5500.team111.plagiarismdetector.controllers.UserController.getAllUsers()
2018-04-20 12:02:48 - Mapped "{[/login],methods=[POST]}" onto public edu.northeastern.cs5500.team111.plagiarismdetector.domain.User edu.northeastern.cs5500.team111.plagiarismdetector.controllers.UserController.loginUser(edu.northeastern.cs5500.team111.plagiarismdetector.domain.User)
2018-04-20 12:02:48 - Mapped "{[/getUser],methods=[POST]}" onto public edu.northeastern.cs5500.team111.plagiarismdetector.domain.User edu.northeastern.cs5500.team111.plagiarismdetector.controllers.UserController.getUser(edu.northeastern.cs5500.team111.plagiarismdetector.domain.User)
2018-04-20 12:02:48 - Mapped "{[/users/{userId}],methods=[DELETE]}" onto public void edu.northeastern.cs5500.team111.plagiarismdetector.controllers.UserController.getUser(java.lang.String)
2018-04-20 12:02:48 - Mapped "{[/error]}" onto public org.springframework.http.ResponseEntity<java.util.Map<java.lang.String, java.lang.Object>> org.springframework.boot.autoconfigure.web.BasicErrorController.error(javax.servlet.http.HttpServletRequest)
2018-04-20 12:02:48 - Mapped "{[/error],produces=[text/html]}" onto public org.springframework.web.servlet.ModelAndView org.springframework.boot.autoconfigure.web.BasicErrorController.errorHtml(javax.servlet.http.HttpServletRequest,javax.servlet.http.HttpServletResponse)
2018-04-20 12:02:48 - Mapped URL path [/webjars/**] onto handler of type [class org.springframework.web.servlet.resource.ResourceHttpRequestHandler]
2018-04-20 12:02:48 - Mapped URL path [/**] onto handler of type [class org.springframework.web.servlet.resource.ResourceHttpRequestHandler]
2018-04-20 12:02:48 - Detected @ExceptionHandler methods in repositoryRestExceptionHandler
2018-04-20 12:02:48 - Mapped URL path [/**/favicon.ico] onto handler of type [class org.springframework.web.servlet.resource.ResourceHttpRequestHandler]
2018-04-20 12:02:57 - files to be uploaded are null or List contains no file
2018-04-20 12:02:57 - files to be uploaded are null or List contains no file
2018-04-20 12:02:59 - Looking for @ControllerAdvice: org.springframework.test.web.servlet.setup.StubWebApplicationContext@7a60d9e1
2018-04-20 12:02:59 - Looking for @ControllerAdvice: org.springframework.test.web.servlet.setup.StubWebApplicationContext@3d3a86fd
2018-04-20 12:02:59 - Looking for @ControllerAdvice: org.springframework.test.web.servlet.setup.StubWebApplicationContext@3275401a
2018-04-20 12:02:59 - Looking for @ControllerAdvice: org.springframework.test.web.servlet.setup.StubWebApplicationContext@7d6eb577
2018-04-20 12:02:59 - Looking for @ControllerAdvice: org.springframework.test.web.servlet.setup.StubWebApplicationContext@582f9bee
2018-04-20 12:02:59 - Looking for @ControllerAdvice: org.springframework.test.web.servlet.setup.StubWebApplicationContext@71c93032
2018-04-20 12:03:00 - Looking for @ControllerAdvice: org.springframework.test.web.servlet.setup.StubWebApplicationContext@c0a800
2018-04-20 12:03:05 - Closing org.springframework.web.context.support.GenericWebApplicationContext@15fe020d: startup date [Fri Apr 20 12:02:41 EDT 2018]; root of context hierarchy
2018-04-20 12:19:15 - Root WebApplicationContext: initialization completed in 1813 ms
2018-04-20 12:19:18 - Looking for @ControllerAdvice: org.springframework.boot.context.embedded.AnnotationConfigEmbeddedWebApplicationContext@1f559dac: startup date [Fri Apr 20 12:19:13 EDT 2018]; root of context hierarchy
2018-04-20 12:19:18 - Mapped "{[/{userId}/getFiles],methods=[GET]}" onto public java.util.List<edu.northeastern.cs5500.team111.plagiarismdetector.domain.PythonFile> edu.northeastern.cs5500.team111.plagiarismdetector.controllers.FileController.getAllFilesForUser(java.lang.String)
2018-04-20 12:19:18 - Mapped "{[/{userId}/getFolders],methods=[GET]}" onto public java.util.List<edu.northeastern.cs5500.team111.plagiarismdetector.domain.RootFolder> edu.northeastern.cs5500.team111.plagiarismdetector.controllers.FileController.getAllFoldersForUser(java.lang.String)
2018-04-20 12:19:18 - Mapped "{[/{rootFolderId}/getFolder],methods=[DELETE]}" onto public org.springframework.http.HttpStatus edu.northeastern.cs5500.team111.plagiarismdetector.controllers.FileController.deleteFolder(java.lang.String)
2018-04-20 12:19:18 - Mapped "{[/{rootFolderId}/{comparisionType}/compare],methods=[GET]}" onto public java.util.List<edu.northeastern.cs5500.team111.plagiarismdetector.domain.Report> edu.northeastern.cs5500.team111.plagiarismdetector.controllers.FileController.compareFiles(java.lang.String,edu.northeastern.cs5500.team111.comparisonstrategies.ComparisonAlgorithm)
2018-04-20 12:19:18 - Mapped "{[/{rootFolderId}/statistics],methods=[GET]}" onto public java.util.List<edu.northeastern.cs5500.team111.plagiarismdetector.domain.Counter> edu.northeastern.cs5500.team111.plagiarismdetector.controllers.FileController.statsFiles(java.lang.Long)
2018-04-20 12:19:18 - Mapped "{[/folderUpload],methods=[POST]}" onto public org.springframework.http.HttpStatus edu.northeastern.cs5500.team111.plagiarismdetector.controllers.FileController.uploadFiles(org.springframework.web.multipart.MultipartFile[],java.lang.Long)
2018-04-20 12:19:18 - Mapped "{[/register],methods=[POST]}" onto public edu.northeastern.cs5500.team111.plagiarismdetector.domain.User edu.northeastern.cs5500.team111.plagiarismdetector.controllers.UserController.createUser(edu.northeastern.cs5500.team111.plagiarismdetector.domain.User,org.springframework.validation.BindingResult)
2018-04-20 12:19:18 - Mapped "{[/login],methods=[POST]}" onto public edu.northeastern.cs5500.team111.plagiarismdetector.domain.User edu.northeastern.cs5500.team111.plagiarismdetector.controllers.UserController.loginUser(edu.northeastern.cs5500.team111.plagiarismdetector.domain.User)
2018-04-20 12:19:18 - Mapped "{[/users/{userId}],methods=[DELETE]}" onto public void edu.northeastern.cs5500.team111.plagiarismdetector.controllers.UserController.getUser(java.lang.String)
2018-04-20 12:19:18 - Mapped "{[/getUser],methods=[POST]}" onto public edu.northeastern.cs5500.team111.plagiarismdetector.domain.User edu.northeastern.cs5500.team111.plagiarismdetector.controllers.UserController.getUser(edu.northeastern.cs5500.team111.plagiarismdetector.domain.User)
2018-04-20 12:19:18 - Mapped "{[/getUsers],methods=[GET]}" onto public java.util.List<edu.northeastern.cs5500.team111.plagiarismdetector.domain.User> edu.northeastern.cs5500.team111.plagiarismdetector.controllers.UserController.getAllUsers()
2018-04-20 12:19:18 - Mapped "{[/error]}" onto public org.springframework.http.ResponseEntity<java.util.Map<java.lang.String, java.lang.Object>> org.springframework.boot.autoconfigure.web.BasicErrorController.error(javax.servlet.http.HttpServletRequest)
2018-04-20 12:19:18 - Mapped "{[/error],produces=[text/html]}" onto public org.springframework.web.servlet.ModelAndView org.springframework.boot.autoconfigure.web.BasicErrorController.errorHtml(javax.servlet.http.HttpServletRequest,javax.servlet.http.HttpServletResponse)
2018-04-20 12:19:18 - Mapped URL path [/webjars/**] onto handler of type [class org.springframework.web.servlet.resource.ResourceHttpRequestHandler]
2018-04-20 12:19:18 - Mapped URL path [/**] onto handler of type [class org.springframework.web.servlet.resource.ResourceHttpRequestHandler]
2018-04-20 12:19:18 - Detected @ExceptionHandler methods in repositoryRestExceptionHandler
2018-04-20 12:19:18 - Mapped URL path [/**/favicon.ico] onto handler of type [class org.springframework.web.servlet.resource.ResourceHttpRequestHandler]
2018-04-20 12:22:21 - FrameworkServlet 'dispatcherServlet': initialization started
2018-04-20 12:22:21 - FrameworkServlet 'dispatcherServlet': initialization completed in 29 ms
2018-04-20 12:25:34 - Refreshing org.springframework.web.context.support.GenericWebApplicationContext@15fe020d: startup date [Fri Apr 20 12:25:34 EDT 2018]; root of context hierarchy
2018-04-20 12:25:40 - Looking for @ControllerAdvice: org.springframework.web.context.support.GenericWebApplicationContext@15fe020d: startup date [Fri Apr 20 12:25:34 EDT 2018]; root of context hierarchy
2018-04-20 12:25:41 - Mapped "{[/folderUpload],methods=[POST]}" onto public org.springframework.http.HttpStatus edu.northeastern.cs5500.team111.plagiarismdetector.controllers.FileController.uploadFiles(org.springframework.web.multipart.MultipartFile[],java.lang.Long)
2018-04-20 12:25:41 - Mapped "{[/{rootFolderId}/{comparisionType}/compare],methods=[GET]}" onto public java.util.List<edu.northeastern.cs5500.team111.plagiarismdetector.domain.Report> edu.northeastern.cs5500.team111.plagiarismdetector.controllers.FileController.compareFiles(java.lang.String,edu.northeastern.cs5500.team111.comparisonstrategies.ComparisonAlgorithm)
2018-04-20 12:25:41 - Mapped "{[/{rootFolderId}/statistics],methods=[GET]}" onto public java.util.List<edu.northeastern.cs5500.team111.plagiarismdetector.domain.Counter> edu.northeastern.cs5500.team111.plagiarismdetector.controllers.FileController.statsFiles(java.lang.Long)
2018-04-20 12:25:41 - Mapped "{[/{userId}/getFiles],methods=[GET]}" onto public java.util.List<edu.northeastern.cs5500.team111.plagiarismdetector.domain.PythonFile> edu.northeastern.cs5500.team111.plagiarismdetector.controllers.FileController.getAllFilesForUser(java.lang.String)
2018-04-20 12:25:41 - Mapped "{[/{userId}/getFolders],methods=[GET]}" onto public java.util.List<edu.northeastern.cs5500.team111.plagiarismdetector.domain.RootFolder> edu.northeastern.cs5500.team111.plagiarismdetector.controllers.FileController.getAllFoldersForUser(java.lang.String)
2018-04-20 12:25:41 - Mapped "{[/{rootFolderId}/getFolder],methods=[DELETE]}" onto public org.springframework.http.HttpStatus edu.northeastern.cs5500.team111.plagiarismdetector.controllers.FileController.deleteFolder(java.lang.String)
2018-04-20 12:25:41 - Mapped "{[/getUser],methods=[POST]}" onto public edu.northeastern.cs5500.team111.plagiarismdetector.domain.User edu.northeastern.cs5500.team111.plagiarismdetector.controllers.UserController.getUser(edu.northeastern.cs5500.team111.plagiarismdetector.domain.User)
2018-04-20 12:25:41 - Mapped "{[/users/{userId}],methods=[DELETE]}" onto public void edu.northeastern.cs5500.team111.plagiarismdetector.controllers.UserController.getUser(java.lang.String)
2018-04-20 12:25:41 - Mapped "{[/register],methods=[POST]}" onto public edu.northeastern.cs5500.team111.plagiarismdetector.domain.User edu.northeastern.cs5500.team111.plagiarismdetector.controllers.UserController.createUser(edu.northeastern.cs5500.team111.plagiarismdetector.domain.User,org.springframework.validation.BindingResult)
2018-04-20 12:25:41 - Mapped "{[/getUsers],methods=[GET]}" onto public java.util.List<edu.northeastern.cs5500.team111.plagiarismdetector.domain.User> edu.northeastern.cs5500.team111.plagiarismdetector.controllers.UserController.getAllUsers()
2018-04-20 12:25:41 - Mapped "{[/login],methods=[POST]}" onto public edu.northeastern.cs5500.team111.plagiarismdetector.domain.User edu.northeastern.cs5500.team111.plagiarismdetector.controllers.UserController.loginUser(edu.northeastern.cs5500.team111.plagiarismdetector.domain.User)
2018-04-20 12:25:41 - Mapped "{[/error]}" onto public org.springframework.http.ResponseEntity<java.util.Map<java.lang.String, java.lang.Object>> org.springframework.boot.autoconfigure.web.BasicErrorController.error(javax.servlet.http.HttpServletRequest)
2018-04-20 12:25:41 - Mapped "{[/error],produces=[text/html]}" onto public org.springframework.web.servlet.ModelAndView org.springframework.boot.autoconfigure.web.BasicErrorController.errorHtml(javax.servlet.http.HttpServletRequest,javax.servlet.http.HttpServletResponse)
2018-04-20 12:25:41 - Mapped URL path [/webjars/**] onto handler of type [class org.springframework.web.servlet.resource.ResourceHttpRequestHandler]
2018-04-20 12:25:41 - Mapped URL path [/**] onto handler of type [class org.springframework.web.servlet.resource.ResourceHttpRequestHandler]
2018-04-20 12:25:41 - Detected @ExceptionHandler methods in repositoryRestExceptionHandler
2018-04-20 12:25:41 - Mapped URL path [/**/favicon.ico] onto handler of type [class org.springframework.web.servlet.resource.ResourceHttpRequestHandler]
2018-04-20 12:25:49 - files to be uploaded are null or List contains no file
2018-04-20 12:25:49 - files to be uploaded are null or List contains no file
2018-04-20 12:25:51 - Looking for @ControllerAdvice: org.springframework.test.web.servlet.setup.StubWebApplicationContext@58223ce9
2018-04-20 12:25:52 - Looking for @ControllerAdvice: org.springframework.test.web.servlet.setup.StubWebApplicationContext@5a1978e7
2018-04-20 12:25:52 - Looking for @ControllerAdvice: org.springframework.test.web.servlet.setup.StubWebApplicationContext@353a37ba
2018-04-20 12:25:52 - Looking for @ControllerAdvice: org.springframework.test.web.servlet.setup.StubWebApplicationContext@168d0a24
2018-04-20 12:25:52 - Looking for @ControllerAdvice: org.springframework.test.web.servlet.setup.StubWebApplicationContext@7b6d9f6
2018-04-20 12:25:52 - Looking for @ControllerAdvice: org.springframework.test.web.servlet.setup.StubWebApplicationContext@29e0f29a
2018-04-20 12:25:52 - Looking for @ControllerAdvice: org.springframework.test.web.servlet.setup.StubWebApplicationContext@234e040a
2018-04-20 12:25:57 - Closing org.springframework.web.context.support.GenericWebApplicationContext@15fe020d: startup date [Fri Apr 20 12:25:34 EDT 2018]; root of context hierarchy
2018-04-20 12:27:43 - Refreshing org.springframework.web.context.support.GenericWebApplicationContext@15fe020d: startup date [Fri Apr 20 12:27:43 EDT 2018]; root of context hierarchy
2018-04-20 12:27:52 - Looking for @ControllerAdvice: org.springframework.web.context.support.GenericWebApplicationContext@15fe020d: startup date [Fri Apr 20 12:27:43 EDT 2018]; root of context hierarchy
2018-04-20 12:27:52 - Mapped "{[/folderUpload],methods=[POST]}" onto public org.springframework.http.HttpStatus edu.northeastern.cs5500.team111.plagiarismdetector.controllers.FileController.uploadFiles(org.springframework.web.multipart.MultipartFile[],java.lang.Long)
2018-04-20 12:27:52 - Mapped "{[/{userId}/getFiles],methods=[GET]}" onto public java.util.List<edu.northeastern.cs5500.team111.plagiarismdetector.domain.PythonFile> edu.northeastern.cs5500.team111.plagiarismdetector.controllers.FileController.getAllFilesForUser(java.lang.String)
2018-04-20 12:27:52 - Mapped "{[/{userId}/getFolders],methods=[GET]}" onto public java.util.List<edu.northeastern.cs5500.team111.plagiarismdetector.domain.RootFolder> edu.northeastern.cs5500.team111.plagiarismdetector.controllers.FileController.getAllFoldersForUser(java.lang.String)
2018-04-20 12:27:52 - Mapped "{[/{rootFolderId}/getFolder],methods=[DELETE]}" onto public org.springframework.http.HttpStatus edu.northeastern.cs5500.team111.plagiarismdetector.controllers.FileController.deleteFolder(java.lang.String)
2018-04-20 12:27:52 - Mapped "{[/{rootFolderId}/{comparisionType}/compare],methods=[GET]}" onto public java.util.List<edu.northeastern.cs5500.team111.plagiarismdetector.domain.Report> edu.northeastern.cs5500.team111.plagiarismdetector.controllers.FileController.compareFiles(java.lang.String,edu.northeastern.cs5500.team111.comparisonstrategies.ComparisonAlgorithm)
2018-04-20 12:27:52 - Mapped "{[/{rootFolderId}/statistics],methods=[GET]}" onto public java.util.List<edu.northeastern.cs5500.team111.plagiarismdetector.domain.Counter> edu.northeastern.cs5500.team111.plagiarismdetector.controllers.FileController.statsFiles(java.lang.Long)
2018-04-20 12:27:52 - Mapped "{[/register],methods=[POST]}" onto public edu.northeastern.cs5500.team111.plagiarismdetector.domain.User edu.northeastern.cs5500.team111.plagiarismdetector.controllers.UserController.createUser(edu.northeastern.cs5500.team111.plagiarismdetector.domain.User,org.springframework.validation.BindingResult)
2018-04-20 12:27:52 - Mapped "{[/getUsers],methods=[GET]}" onto public java.util.List<edu.northeastern.cs5500.team111.plagiarismdetector.domain.User> edu.northeastern.cs5500.team111.plagiarismdetector.controllers.UserController.getAllUsers()
2018-04-20 12:27:52 - Mapped "{[/login],methods=[POST]}" onto public edu.northeastern.cs5500.team111.plagiarismdetector.domain.User edu.northeastern.cs5500.team111.plagiarismdetector.controllers.UserController.loginUser(edu.northeastern.cs5500.team111.plagiarismdetector.domain.User)
2018-04-20 12:27:52 - Mapped "{[/users/{userId}],methods=[DELETE]}" onto public void edu.northeastern.cs5500.team111.plagiarismdetector.controllers.UserController.getUser(java.lang.String)
2018-04-20 12:27:52 - Mapped "{[/getUser],methods=[POST]}" onto public edu.northeastern.cs5500.team111.plagiarismdetector.domain.User edu.northeastern.cs5500.team111.plagiarismdetector.controllers.UserController.getUser(edu.northeastern.cs5500.team111.plagiarismdetector.domain.User)
2018-04-20 12:27:52 - Mapped "{[/error]}" onto public org.springframework.http.ResponseEntity<java.util.Map<java.lang.String, java.lang.Object>> org.springframework.boot.autoconfigure.web.BasicErrorController.error(javax.servlet.http.HttpServletRequest)
2018-04-20 12:27:52 - Mapped "{[/error],produces=[text/html]}" onto public org.springframework.web.servlet.ModelAndView org.springframework.boot.autoconfigure.web.BasicErrorController.errorHtml(javax.servlet.http.HttpServletRequest,javax.servlet.http.HttpServletResponse)
2018-04-20 12:27:52 - Mapped URL path [/webjars/**] onto handler of type [class org.springframework.web.servlet.resource.ResourceHttpRequestHandler]
2018-04-20 12:27:52 - Mapped URL path [/**] onto handler of type [class org.springframework.web.servlet.resource.ResourceHttpRequestHandler]
2018-04-20 12:27:52 - Detected @ExceptionHandler methods in repositoryRestExceptionHandler
2018-04-20 12:27:52 - Mapped URL path [/**/favicon.ico] onto handler of type [class org.springframework.web.servlet.resource.ResourceHttpRequestHandler]
2018-04-20 12:28:01 - files to be uploaded are null or List contains no file
2018-04-20 12:28:01 - files to be uploaded are null or List contains no file
2018-04-20 12:28:03 - Looking for @ControllerAdvice: org.springframework.test.web.servlet.setup.StubWebApplicationContext@128a8cee
2018-04-20 12:28:04 - Looking for @ControllerAdvice: org.springframework.test.web.servlet.setup.StubWebApplicationContext@50f12877
2018-04-20 12:28:04 - Looking for @ControllerAdvice: org.springframework.test.web.servlet.setup.StubWebApplicationContext@1790de94
2018-04-20 12:28:04 - Looking for @ControllerAdvice: org.springframework.test.web.servlet.setup.StubWebApplicationContext@567d909c
2018-04-20 12:28:04 - Looking for @ControllerAdvice: org.springframework.test.web.servlet.setup.StubWebApplicationContext@2496a5ae
2018-04-20 12:28:04 - Looking for @ControllerAdvice: org.springframework.test.web.servlet.setup.StubWebApplicationContext@44321b3a
2018-04-20 12:28:04 - Looking for @ControllerAdvice: org.springframework.test.web.servlet.setup.StubWebApplicationContext@616e2add
2018-04-20 12:28:10 - Closing org.springframework.web.context.support.GenericWebApplicationContext@15fe020d: startup date [Fri Apr 20 12:27:43 EDT 2018]; root of context hierarchy
2018-04-20 12:28:43 - Root WebApplicationContext: initialization completed in 2292 ms
2018-04-20 12:28:47 - Looking for @ControllerAdvice: org.springframework.boot.context.embedded.AnnotationConfigEmbeddedWebApplicationContext@4e91368f: startup date [Fri Apr 20 12:28:41 EDT 2018]; root of context hierarchy
2018-04-20 12:28:47 - Mapped "{[/{userId}/getFiles],methods=[GET]}" onto public java.util.List<edu.northeastern.cs5500.team111.plagiarismdetector.domain.PythonFile> edu.northeastern.cs5500.team111.plagiarismdetector.controllers.FileController.getAllFilesForUser(java.lang.String)
2018-04-20 12:28:47 - Mapped "{[/{userId}/getFolders],methods=[GET]}" onto public java.util.List<edu.northeastern.cs5500.team111.plagiarismdetector.domain.RootFolder> edu.northeastern.cs5500.team111.plagiarismdetector.controllers.FileController.getAllFoldersForUser(java.lang.String)
2018-04-20 12:28:47 - Mapped "{[/{rootFolderId}/getFolder],methods=[DELETE]}" onto public org.springframework.http.HttpStatus edu.northeastern.cs5500.team111.plagiarismdetector.controllers.FileController.deleteFolder(java.lang.String)
2018-04-20 12:28:47 - Mapped "{[/{rootFolderId}/{comparisionType}/compare],methods=[GET]}" onto public java.util.List<edu.northeastern.cs5500.team111.plagiarismdetector.domain.Report> edu.northeastern.cs5500.team111.plagiarismdetector.controllers.FileController.compareFiles(java.lang.String,edu.northeastern.cs5500.team111.comparisonstrategies.ComparisonAlgorithm)
2018-04-20 12:28:47 - Mapped "{[/{rootFolderId}/statistics],methods=[GET]}" onto public java.util.List<edu.northeastern.cs5500.team111.plagiarismdetector.domain.Counter> edu.northeastern.cs5500.team111.plagiarismdetector.controllers.FileController.statsFiles(java.lang.Long)
2018-04-20 12:28:47 - Mapped "{[/folderUpload],methods=[POST]}" onto public org.springframework.http.HttpStatus edu.northeastern.cs5500.team111.plagiarismdetector.controllers.FileController.uploadFiles(org.springframework.web.multipart.MultipartFile[],java.lang.Long)
2018-04-20 12:28:47 - Mapped "{[/register],methods=[POST]}" onto public edu.northeastern.cs5500.team111.plagiarismdetector.domain.User edu.northeastern.cs5500.team111.plagiarismdetector.controllers.UserController.createUser(edu.northeastern.cs5500.team111.plagiarismdetector.domain.User,org.springframework.validation.BindingResult)
2018-04-20 12:28:47 - Mapped "{[/login],methods=[POST]}" onto public edu.northeastern.cs5500.team111.plagiarismdetector.domain.User edu.northeastern.cs5500.team111.plagiarismdetector.controllers.UserController.loginUser(edu.northeastern.cs5500.team111.plagiarismdetector.domain.User)
2018-04-20 12:28:47 - Mapped "{[/users/{userId}],methods=[DELETE]}" onto public void edu.northeastern.cs5500.team111.plagiarismdetector.controllers.UserController.getUser(java.lang.String)
2018-04-20 12:28:47 - Mapped "{[/getUser],methods=[POST]}" onto public edu.northeastern.cs5500.team111.plagiarismdetector.domain.User edu.northeastern.cs5500.team111.plagiarismdetector.controllers.UserController.getUser(edu.northeastern.cs5500.team111.plagiarismdetector.domain.User)
2018-04-20 12:28:47 - Mapped "{[/getUsers],methods=[GET]}" onto public java.util.List<edu.northeastern.cs5500.team111.plagiarismdetector.domain.User> edu.northeastern.cs5500.team111.plagiarismdetector.controllers.UserController.getAllUsers()
2018-04-20 12:28:47 - Mapped "{[/error]}" onto public org.springframework.http.ResponseEntity<java.util.Map<java.lang.String, java.lang.Object>> org.springframework.boot.autoconfigure.web.BasicErrorController.error(javax.servlet.http.HttpServletRequest)
2018-04-20 12:28:47 - Mapped "{[/error],produces=[text/html]}" onto public org.springframework.web.servlet.ModelAndView org.springframework.boot.autoconfigure.web.BasicErrorController.errorHtml(javax.servlet.http.HttpServletRequest,javax.servlet.http.HttpServletResponse)
2018-04-20 12:28:47 - Mapped URL path [/webjars/**] onto handler of type [class org.springframework.web.servlet.resource.ResourceHttpRequestHandler]
2018-04-20 12:28:47 - Mapped URL path [/**] onto handler of type [class org.springframework.web.servlet.resource.ResourceHttpRequestHandler]
2018-04-20 12:28:47 - Detected @ExceptionHandler methods in repositoryRestExceptionHandler
2018-04-20 12:28:47 - Mapped URL path [/**/favicon.ico] onto handler of type [class org.springframework.web.servlet.resource.ResourceHttpRequestHandler]
2018-04-20 12:29:47 - FrameworkServlet 'dispatcherServlet': initialization started
2018-04-20 12:29:47 - FrameworkServlet 'dispatcherServlet': initialization completed in 33 ms
2018-04-20 18:06:17 - Refreshing org.springframework.web.context.support.GenericWebApplicationContext@239d9cb7: startup date [Fri Apr 20 18:06:17 EDT 2018]; root of context hierarchy
2018-04-20 18:06:30 - Looking for @ControllerAdvice: org.springframework.web.context.support.GenericWebApplicationContext@239d9cb7: startup date [Fri Apr 20 18:06:17 EDT 2018]; root of context hierarchy
2018-04-20 18:06:30 - Mapped "{[/{userId}/getFiles],methods=[GET]}" onto public java.util.List<edu.northeastern.cs5500.team111.plagiarismdetector.domain.PythonFile> edu.northeastern.cs5500.team111.plagiarismdetector.controllers.FileController.getAllFilesForUser(java.lang.String)
2018-04-20 18:06:30 - Mapped "{[/{userId}/getFolders],methods=[GET]}" onto public java.util.List<edu.northeastern.cs5500.team111.plagiarismdetector.domain.RootFolder> edu.northeastern.cs5500.team111.plagiarismdetector.controllers.FileController.getAllFoldersForUser(java.lang.String)
2018-04-20 18:06:30 - Mapped "{[/{rootFolderId}/getFolder],methods=[DELETE]}" onto public org.springframework.http.HttpStatus edu.northeastern.cs5500.team111.plagiarismdetector.controllers.FileController.deleteFolder(java.lang.String)
2018-04-20 18:06:30 - Mapped "{[/{rootFolderId}/{comparisionType}/compare],methods=[GET]}" onto public java.util.List<edu.northeastern.cs5500.team111.plagiarismdetector.domain.Report> edu.northeastern.cs5500.team111.plagiarismdetector.controllers.FileController.compareFiles(java.lang.String,edu.northeastern.cs5500.team111.comparisonstrategies.ComparisonAlgorithm)
2018-04-20 18:06:30 - Mapped "{[/{rootFolderId}/statistics],methods=[GET]}" onto public java.util.List<edu.northeastern.cs5500.team111.plagiarismdetector.domain.Counter> edu.northeastern.cs5500.team111.plagiarismdetector.controllers.FileController.statsFiles(java.lang.Long)
2018-04-20 18:06:30 - Mapped "{[/folderUpload],methods=[POST]}" onto public org.springframework.http.HttpStatus edu.northeastern.cs5500.team111.plagiarismdetector.controllers.FileController.uploadFiles(org.springframework.web.multipart.MultipartFile[],java.lang.Long)
2018-04-20 18:06:30 - Mapped "{[/users/{userId}],methods=[DELETE]}" onto public void edu.northeastern.cs5500.team111.plagiarismdetector.controllers.UserController.deleteUser(java.lang.String)
2018-04-20 18:06:30 - Mapped "{[/register],methods=[POST]}" onto public edu.northeastern.cs5500.team111.plagiarismdetector.domain.User edu.northeastern.cs5500.team111.plagiarismdetector.controllers.UserController.createUser(edu.northeastern.cs5500.team111.plagiarismdetector.domain.User,org.springframework.validation.BindingResult)
2018-04-20 18:06:30 - Mapped "{[/getUsers],methods=[GET]}" onto public java.util.List<edu.northeastern.cs5500.team111.plagiarismdetector.domain.User> edu.northeastern.cs5500.team111.plagiarismdetector.controllers.UserController.getAllUsers()
2018-04-20 18:06:30 - Mapped "{[/login],methods=[POST]}" onto public edu.northeastern.cs5500.team111.plagiarismdetector.domain.User edu.northeastern.cs5500.team111.plagiarismdetector.controllers.UserController.loginUser(edu.northeastern.cs5500.team111.plagiarismdetector.domain.User)
2018-04-20 18:06:30 - Mapped "{[/getUser],methods=[POST]}" onto public edu.northeastern.cs5500.team111.plagiarismdetector.domain.User edu.northeastern.cs5500.team111.plagiarismdetector.controllers.UserController.getUser(edu.northeastern.cs5500.team111.plagiarismdetector.domain.User)
2018-04-20 18:06:30 - Mapped "{[/error]}" onto public org.springframework.http.ResponseEntity<java.util.Map<java.lang.String, java.lang.Object>> org.springframework.boot.autoconfigure.web.BasicErrorController.error(javax.servlet.http.HttpServletRequest)
2018-04-20 18:06:30 - Mapped "{[/error],produces=[text/html]}" onto public org.springframework.web.servlet.ModelAndView org.springframework.boot.autoconfigure.web.BasicErrorController.errorHtml(javax.servlet.http.HttpServletRequest,javax.servlet.http.HttpServletResponse)
2018-04-20 18:06:30 - Mapped URL path [/webjars/**] onto handler of type [class org.springframework.web.servlet.resource.ResourceHttpRequestHandler]
2018-04-20 18:06:30 - Mapped URL path [/**] onto handler of type [class org.springframework.web.servlet.resource.ResourceHttpRequestHandler]
2018-04-20 18:06:30 - Detected @ExceptionHandler methods in repositoryRestExceptionHandler
2018-04-20 18:06:31 - Mapped URL path [/**/favicon.ico] onto handler of type [class org.springframework.web.servlet.resource.ResourceHttpRequestHandler]
2018-04-20 18:06:40 - files to be uploaded are null or List contains no file
2018-04-20 18:06:40 - files to be uploaded are null or List contains no file
2018-04-20 18:06:42 - Looking for @ControllerAdvice: org.springframework.test.web.servlet.setup.StubWebApplicationContext@6a49a93a
2018-04-20 18:06:42 - Looking for @ControllerAdvice: org.springframework.test.web.servlet.setup.StubWebApplicationContext@122af64
2018-04-20 18:06:42 - Looking for @ControllerAdvice: org.springframework.test.web.servlet.setup.StubWebApplicationContext@5635c39a
2018-04-20 18:06:42 - Looking for @ControllerAdvice: org.springframework.test.web.servlet.setup.StubWebApplicationContext@20e691d4
2018-04-20 18:06:42 - Looking for @ControllerAdvice: org.springframework.test.web.servlet.setup.StubWebApplicationContext@4d55b3b2
2018-04-20 18:06:42 - Looking for @ControllerAdvice: org.springframework.test.web.servlet.setup.StubWebApplicationContext@7c965312
2018-04-20 18:06:42 - Looking for @ControllerAdvice: org.springframework.test.web.servlet.setup.StubWebApplicationContext@dbcd146
2018-04-20 18:06:55 - Closing org.springframework.web.context.support.GenericWebApplicationContext@239d9cb7: startup date [Fri Apr 20 18:06:17 EDT 2018]; root of context hierarchy
